{"numTotalTestSuites":103,"numPassedTestSuites":72,"numFailedTestSuites":31,"numPendingTestSuites":0,"numTotalTests":356,"numPassedTests":299,"numFailedTests":57,"numPendingTests":0,"numTodoTests":0,"snapshot":{"added":0,"failure":false,"filesAdded":0,"filesRemoved":0,"filesRemovedList":[],"filesUnmatched":0,"filesUpdated":0,"matched":0,"total":0,"unchecked":0,"uncheckedKeysByFile":[],"unmatched":0,"updated":0,"didUpdate":false},"startTime":1761134960348,"success":false,"testResults":[{"assertionResults":[{"ancestorTitles":["POST /v1/auth/login","Casos Positivos"],"fullName":"POST /v1/auth/login Casos Positivos deve fazer login com credenciais válidas","status":"passed","title":"deve fazer login com credenciais válidas","duration":2909.3185089999997,"failureMessages":[],"location":{"line":7,"column":5},"meta":{}},{"ancestorTitles":["POST /v1/auth/login","Casos Positivos"],"fullName":"POST /v1/auth/login Casos Positivos deve fazer login com usuário que não tem profile","status":"passed","title":"deve fazer login com usuário que não tem profile","duration":2157.9232769999994,"failureMessages":[],"location":{"line":49,"column":5},"meta":{}},{"ancestorTitles":["POST /v1/auth/login","Casos Positivos"],"fullName":"POST /v1/auth/login Casos Positivos deve retornar tokens diferentes a cada login","status":"passed","title":"deve retornar tokens diferentes a cada login","duration":2712.582979999999,"failureMessages":[],"location":{"line":78,"column":5},"meta":{}},{"ancestorTitles":["POST /v1/auth/login","Casos Negativos"],"fullName":"POST /v1/auth/login Casos Negativos deve retornar erro 401 para email inexistente","status":"passed","title":"deve retornar erro 401 para email inexistente","duration":112.9148350000014,"failureMessages":[],"location":{"line":112,"column":5},"meta":{}},{"ancestorTitles":["POST /v1/auth/login","Casos Negativos"],"fullName":"POST /v1/auth/login Casos Negativos deve retornar erro 401 para senha incorreta","status":"passed","title":"deve retornar erro 401 para senha incorreta","duration":1701.8812720000005,"failureMessages":[],"location":{"line":129,"column":5},"meta":{}},{"ancestorTitles":["POST /v1/auth/login","Casos Negativos"],"fullName":"POST /v1/auth/login Casos Negativos deve retornar erro 401 para usuário inativo","status":"passed","title":"deve retornar erro 401 para usuário inativo","duration":1997.1775899999993,"failureMessages":[],"location":{"line":153,"column":5},"meta":{}},{"ancestorTitles":["POST /v1/auth/login","Casos Negativos"],"fullName":"POST /v1/auth/login Casos Negativos deve retornar erro 422 para email inválido","status":"passed","title":"deve retornar erro 422 para email inválido","duration":4.312025999999605,"failureMessages":[],"location":{"line":173,"column":5},"meta":{}},{"ancestorTitles":["POST /v1/auth/login","Casos Negativos"],"fullName":"POST /v1/auth/login Casos Negativos deve retornar erro 422 para senha vazia","status":"passed","title":"deve retornar erro 422 para senha vazia","duration":4.799775999999838,"failureMessages":[],"location":{"line":190,"column":5},"meta":{}},{"ancestorTitles":["POST /v1/auth/login","Casos Negativos"],"fullName":"POST /v1/auth/login Casos Negativos deve retornar erro 422 para email vazio","status":"passed","title":"deve retornar erro 422 para email vazio","duration":7.942294000000402,"failureMessages":[],"location":{"line":207,"column":5},"meta":{}},{"ancestorTitles":["POST /v1/auth/login","Casos Negativos"],"fullName":"POST /v1/auth/login Casos Negativos deve retornar erro 422 para body vazio","status":"passed","title":"deve retornar erro 422 para body vazio","duration":10.356496000000334,"failureMessages":[],"location":{"line":224,"column":5},"meta":{}},{"ancestorTitles":["POST /v1/auth/login","Casos Negativos"],"fullName":"POST /v1/auth/login Casos Negativos deve retornar erro 422 para campos ausentes","status":"passed","title":"deve retornar erro 422 para campos ausentes","duration":5.886399999999412,"failureMessages":[],"location":{"line":238,"column":5},"meta":{}},{"ancestorTitles":["POST /v1/auth/login","Casos Negativos"],"fullName":"POST /v1/auth/login Casos Negativos deve retornar erro 422 para email com formato incorreto","status":"passed","title":"deve retornar erro 422 para email com formato incorreto","duration":2.45017899999948,"failureMessages":[],"location":{"line":255,"column":5},"meta":{}},{"ancestorTitles":["POST /v1/auth/login","Casos Negativos"],"fullName":"POST /v1/auth/login Casos Negativos deve retornar erro 422 para senha com caracteres especiais","status":"passed","title":"deve retornar erro 422 para senha com caracteres especiais","duration":1682.6597170000005,"failureMessages":[],"location":{"line":272,"column":5},"meta":{}}],"startTime":1761134961501,"endTime":1761134974812.6597,"status":"passed","message":"","name":"/home/gfrancodev/Documentos/gfrancodev/player/backend/src/modules/auth/e2e/auth.login.e2e.test.ts"},{"assertionResults":[{"ancestorTitles":["POST /v1/auth/logout","Casos Positivos"],"fullName":"POST /v1/auth/logout Casos Positivos deve fazer logout com access token válido","status":"passed","title":"deve fazer logout com access token válido","duration":2431.4961430000003,"failureMessages":[],"location":{"line":7,"column":5},"meta":{}},{"ancestorTitles":["POST /v1/auth/logout","Casos Positivos"],"fullName":"POST /v1/auth/logout Casos Positivos deve fazer logout com refresh token opcional","status":"passed","title":"deve fazer logout com refresh token opcional","duration":1561.4058539999996,"failureMessages":[],"location":{"line":27,"column":5},"meta":{}},{"ancestorTitles":["POST /v1/auth/logout","Casos Positivos"],"fullName":"POST /v1/auth/logout Casos Positivos deve invalidar sessão após logout","status":"passed","title":"deve invalidar sessão após logout","duration":1864.5435319999997,"failureMessages":[],"location":{"line":49,"column":5},"meta":{}},{"ancestorTitles":["POST /v1/auth/logout","Casos Positivos"],"fullName":"POST /v1/auth/logout Casos Positivos deve fazer logout múltiplas vezes com o mesmo token","status":"passed","title":"deve fazer logout múltiplas vezes com o mesmo token","duration":1774.615929999999,"failureMessages":[],"location":{"line":82,"column":5},"meta":{}},{"ancestorTitles":["POST /v1/auth/logout","Casos Positivos"],"fullName":"POST /v1/auth/logout Casos Positivos deve fazer logout sem refresh token no body","status":"passed","title":"deve fazer logout sem refresh token no body","duration":1556.765671000001,"failureMessages":[],"location":{"line":109,"column":5},"meta":{}},{"ancestorTitles":["POST /v1/auth/logout","Casos Negativos"],"fullName":"POST /v1/auth/logout Casos Negativos deve retornar erro 401 para access token ausente","status":"passed","title":"deve retornar erro 401 para access token ausente","duration":6.04318400000011,"failureMessages":[],"location":{"line":131,"column":5},"meta":{}},{"ancestorTitles":["POST /v1/auth/logout","Casos Negativos"],"fullName":"POST /v1/auth/logout Casos Negativos deve retornar erro 401 para access token inválido","status":"passed","title":"deve retornar erro 401 para access token inválido","duration":6.336199000001216,"failureMessages":[],"location":{"line":145,"column":5},"meta":{}},{"ancestorTitles":["POST /v1/auth/logout","Casos Negativos"],"fullName":"POST /v1/auth/logout Casos Negativos deve retornar erro 401 para access token malformado","status":"passed","title":"deve retornar erro 401 para access token malformado","duration":6.29183699999885,"failureMessages":[],"location":{"line":163,"column":5},"meta":{}},{"ancestorTitles":["POST /v1/auth/logout","Casos Negativos"],"fullName":"POST /v1/auth/logout Casos Negativos deve retornar erro 401 para access token expirado","status":"passed","title":"deve retornar erro 401 para access token expirado","duration":1219.357336000001,"failureMessages":[],"location":{"line":181,"column":5},"meta":{}},{"ancestorTitles":["POST /v1/auth/logout","Casos Negativos"],"fullName":"POST /v1/auth/logout Casos Negativos deve retornar erro 401 para access token de sessão inativa","status":"passed","title":"deve retornar erro 401 para access token de sessão inativa","duration":1727.3872300000003,"failureMessages":[],"location":{"line":211,"column":5},"meta":{}},{"ancestorTitles":["POST /v1/auth/logout","Casos Negativos"],"fullName":"POST /v1/auth/logout Casos Negativos deve retornar erro 401 para access token com assinatura inválida","status":"passed","title":"deve retornar erro 401 para access token com assinatura inválida","duration":2.5547400000014022,"failureMessages":[],"location":{"line":237,"column":5},"meta":{}},{"ancestorTitles":["POST /v1/auth/logout","Casos Negativos"],"fullName":"POST /v1/auth/logout Casos Negativos deve retornar erro 401 para access token vazio","status":"passed","title":"deve retornar erro 401 para access token vazio","duration":2.2890239999996993,"failureMessages":[],"location":{"line":257,"column":5},"meta":{}},{"ancestorTitles":["POST /v1/auth/logout","Casos Negativos"],"fullName":"POST /v1/auth/logout Casos Negativos deve retornar erro 401 para access token de usuário inativo","status":"passed","title":"deve retornar erro 401 para access token de usuário inativo","duration":1514.7856489999995,"failureMessages":[],"location":{"line":271,"column":5},"meta":{}},{"ancestorTitles":["POST /v1/auth/logout","Casos Negativos"],"fullName":"POST /v1/auth/logout Casos Negativos deve retornar erro 401 para access token de outro usuário","status":"passed","title":"deve retornar erro 401 para access token de outro usuário","duration":2614.1503989999983,"failureMessages":[],"location":{"line":291,"column":5},"meta":{}},{"ancestorTitles":["POST /v1/auth/logout","Casos Negativos"],"fullName":"POST /v1/auth/logout Casos Negativos deve retornar erro 401 para header Authorization malformado","status":"passed","title":"deve retornar erro 401 para header Authorization malformado","duration":6.923339000000851,"failureMessages":[],"location":{"line":317,"column":5},"meta":{}},{"ancestorTitles":["POST /v1/auth/logout","Casos Negativos"],"fullName":"POST /v1/auth/logout Casos Negativos deve retornar erro 401 para header Authorization sem Bearer","status":"passed","title":"deve retornar erro 401 para header Authorization sem Bearer","duration":7.213910999998916,"failureMessages":[],"location":{"line":338,"column":5},"meta":{}},{"ancestorTitles":["POST /v1/auth/logout","Casos Negativos"],"fullName":"POST /v1/auth/logout Casos Negativos deve retornar erro 401 para header Authorization vazio","status":"passed","title":"deve retornar erro 401 para header Authorization vazio","duration":5.95001499999853,"failureMessages":[],"location":{"line":359,"column":5},"meta":{}}],"startTime":1761134961499,"endTime":1761134977809.95,"status":"passed","message":"","name":"/home/gfrancodev/Documentos/gfrancodev/player/backend/src/modules/auth/e2e/auth.logout.e2e.test.ts"},{"assertionResults":[{"ancestorTitles":["POST /v1/auth/refresh","Casos Positivos"],"fullName":"POST /v1/auth/refresh Casos Positivos deve renovar tokens com refresh token válido","status":"passed","title":"deve renovar tokens com refresh token válido","duration":3144.1560950000003,"failureMessages":[],"location":{"line":7,"column":5},"meta":{}},{"ancestorTitles":["POST /v1/auth/refresh","Casos Positivos"],"fullName":"POST /v1/auth/refresh Casos Positivos deve renovar tokens múltiplas vezes com refresh tokens válidos","status":"passed","title":"deve renovar tokens múltiplas vezes com refresh tokens válidos","duration":4042.429587999999,"failureMessages":[],"location":{"line":55,"column":5},"meta":{}},{"ancestorTitles":["POST /v1/auth/refresh","Casos Positivos"],"fullName":"POST /v1/auth/refresh Casos Positivos deve invalidar refresh token anterior após renovação","status":"passed","title":"deve invalidar refresh token anterior após renovação","duration":2442.450599,"failureMessages":[],"location":{"line":93,"column":5},"meta":{}},{"ancestorTitles":["POST /v1/auth/refresh","Casos Positivos"],"fullName":"POST /v1/auth/refresh Casos Positivos deve renovar tokens para usuário sem profile","status":"passed","title":"deve renovar tokens para usuário sem profile","duration":2241.2824849999997,"failureMessages":[],"location":{"line":126,"column":5},"meta":{}},{"ancestorTitles":["POST /v1/auth/refresh","Casos Negativos"],"fullName":"POST /v1/auth/refresh Casos Negativos deve retornar erro 401 para refresh token inválido","status":"passed","title":"deve retornar erro 401 para refresh token inválido","duration":3.059801999999763,"failureMessages":[],"location":{"line":146,"column":5},"meta":{}},{"ancestorTitles":["POST /v1/auth/refresh","Casos Negativos"],"fullName":"POST /v1/auth/refresh Casos Negativos deve retornar erro 401 para refresh token vazio","status":"passed","title":"deve retornar erro 401 para refresh token vazio","duration":5.9794850000016595,"failureMessages":[],"location":{"line":162,"column":5},"meta":{}},{"ancestorTitles":["POST /v1/auth/refresh","Casos Negativos"],"fullName":"POST /v1/auth/refresh Casos Negativos deve retornar erro 422 para refresh token ausente","status":"passed","title":"deve retornar erro 422 para refresh token ausente","duration":2.3513220000004367,"failureMessages":[],"location":{"line":178,"column":5},"meta":{}},{"ancestorTitles":["POST /v1/auth/refresh","Casos Negativos"],"fullName":"POST /v1/auth/refresh Casos Negativos deve retornar erro 401 para refresh token expirado","status":"passed","title":"deve retornar erro 401 para refresh token expirado","duration":1194.6733870000007,"failureMessages":[],"location":{"line":192,"column":5},"meta":{}},{"ancestorTitles":["POST /v1/auth/refresh","Casos Negativos"],"fullName":"POST /v1/auth/refresh Casos Negativos deve retornar erro 401 para refresh token de sessão inativa","status":"passed","title":"deve retornar erro 401 para refresh token de sessão inativa","duration":1840.752226999999,"failureMessages":[],"location":{"line":219,"column":5},"meta":{}},{"ancestorTitles":["POST /v1/auth/refresh","Casos Negativos"],"fullName":"POST /v1/auth/refresh Casos Negativos deve retornar erro 401 para refresh token de usuário inativo","status":"passed","title":"deve retornar erro 401 para refresh token de usuário inativo","duration":1188.590710999999,"failureMessages":[],"location":{"line":252,"column":5},"meta":{}},{"ancestorTitles":["POST /v1/auth/refresh","Casos Negativos"],"fullName":"POST /v1/auth/refresh Casos Negativos deve retornar erro 401 para refresh token malformado","status":"passed","title":"deve retornar erro 401 para refresh token malformado","duration":2.0328670000017155,"failureMessages":[],"location":{"line":267,"column":5},"meta":{}},{"ancestorTitles":["POST /v1/auth/refresh","Casos Negativos"],"fullName":"POST /v1/auth/refresh Casos Negativos deve retornar erro 401 para refresh token com assinatura inválida","status":"passed","title":"deve retornar erro 401 para refresh token com assinatura inválida","duration":2.224028000000544,"failureMessages":[],"location":{"line":283,"column":5},"meta":{}},{"ancestorTitles":["POST /v1/auth/refresh","Casos Negativos"],"fullName":"POST /v1/auth/refresh Casos Negativos deve retornar erro 401 para refresh token de outro usuário","status":"passed","title":"deve retornar erro 401 para refresh token de outro usuário","duration":3037.737746999999,"failureMessages":[],"location":{"line":300,"column":5},"meta":{}},{"ancestorTitles":["POST /v1/auth/refresh","Casos Negativos"],"fullName":"POST /v1/auth/refresh Casos Negativos deve retornar erro 422 para body vazio","status":"passed","title":"deve retornar erro 422 para body vazio","duration":7.3261640000018815,"failureMessages":[],"location":{"line":335,"column":5},"meta":{}}],"startTime":1761134979562,"endTime":1761134998718.3262,"status":"failed","message":"Hook timed out in 60000ms.\nIf this is a long-running hook, pass a timeout value as the last argument or configure it globally with \"hookTimeout\".","name":"/home/gfrancodev/Documentos/gfrancodev/player/backend/src/modules/auth/e2e/auth.refresh.e2e.test.ts"},{"assertionResults":[{"ancestorTitles":["Usuários de Seed - Login","Casos Positivos"],"fullName":"Usuários de Seed - Login Casos Positivos deve fazer login com usuário admin do seed","status":"passed","title":"deve fazer login com usuário admin do seed","duration":1644.3491649999996,"failureMessages":[],"location":{"line":7,"column":5},"meta":{}},{"ancestorTitles":["Usuários de Seed - Login","Casos Positivos"],"fullName":"Usuários de Seed - Login Casos Positivos deve fazer login com usuário moderator do seed","status":"passed","title":"deve fazer login com usuário moderator do seed","duration":717.6296540000003,"failureMessages":[],"location":{"line":38,"column":5},"meta":{}},{"ancestorTitles":["Usuários de Seed - Login","Casos Positivos"],"fullName":"Usuários de Seed - Login Casos Positivos deve fazer login com usuário player do seed","status":"passed","title":"deve fazer login com usuário player do seed","duration":751.4821309999998,"failureMessages":[],"location":{"line":49,"column":5},"meta":{}},{"ancestorTitles":["Usuários de Seed - Login","Casos Positivos"],"fullName":"Usuários de Seed - Login Casos Positivos deve usar AuthHelper para login com usuário de seed","status":"passed","title":"deve usar AuthHelper para login com usuário de seed","duration":693.210591,"failureMessages":[],"location":{"line":60,"column":5},"meta":{}},{"ancestorTitles":["Usuários de Seed - Login","Casos Positivos"],"fullName":"Usuários de Seed - Login Casos Positivos deve obter access token de usuário de seed","status":"passed","title":"deve obter access token de usuário de seed","duration":701.294903,"failureMessages":[],"location":{"line":69,"column":5},"meta":{}},{"ancestorTitles":["Usuários de Seed - Login","Casos Positivos"],"fullName":"Usuários de Seed - Login Casos Positivos deve obter refresh token de usuário de seed","status":"passed","title":"deve obter refresh token de usuário de seed","duration":673.8088040000002,"failureMessages":[],"location":{"line":76,"column":5},"meta":{}},{"ancestorTitles":["Usuários de Seed - Login","Casos Positivos"],"fullName":"Usuários de Seed - Login Casos Positivos deve obter par de tokens de usuário de seed","status":"passed","title":"deve obter par de tokens de usuário de seed","duration":674.23675,"failureMessages":[],"location":{"line":83,"column":5},"meta":{}},{"ancestorTitles":["Usuários de Seed - Login","Casos Negativos"],"fullName":"Usuários de Seed - Login Casos Negativos deve retornar erro 401 para usuário inativo do seed","status":"passed","title":"deve retornar erro 401 para usuário inativo do seed","duration":372.18096400000013,"failureMessages":[],"location":{"line":94,"column":5},"meta":{}},{"ancestorTitles":["Usuários de Seed - Login","Casos Negativos"],"fullName":"Usuários de Seed - Login Casos Negativos deve retornar erro 401 para senha incorreta de usuário de seed","status":"passed","title":"deve retornar erro 401 para senha incorreta de usuário de seed","duration":370.90994299999966,"failureMessages":[],"location":{"line":111,"column":5},"meta":{}},{"ancestorTitles":["Usuários de Seed - Login","Casos Negativos"],"fullName":"Usuários de Seed - Login Casos Negativos deve retornar erro 401 para email inexistente","status":"passed","title":"deve retornar erro 401 para email inexistente","duration":107.17639899999995,"failureMessages":[],"location":{"line":128,"column":5},"meta":{}},{"ancestorTitles":["Usuários de Seed - Login","Testes de Autorização"],"fullName":"Usuários de Seed - Login Testes de Autorização deve permitir logout com token de admin","status":"passed","title":"deve permitir logout com token de admin","duration":1119.2852219999995,"failureMessages":[],"location":{"line":147,"column":5},"meta":{}},{"ancestorTitles":["Usuários de Seed - Login","Testes de Autorização"],"fullName":"Usuários de Seed - Login Testes de Autorização deve permitir logout com token de moderator","status":"passed","title":"deve permitir logout com token de moderator","duration":1048.1095819999991,"failureMessages":[],"location":{"line":160,"column":5},"meta":{}},{"ancestorTitles":["Usuários de Seed - Login","Testes de Autorização"],"fullName":"Usuários de Seed - Login Testes de Autorização deve permitir logout com token de player","status":"passed","title":"deve permitir logout com token de player","duration":1022.5088420000011,"failureMessages":[],"location":{"line":173,"column":5},"meta":{}},{"ancestorTitles":["Usuários de Seed - Login","Testes de Autorização"],"fullName":"Usuários de Seed - Login Testes de Autorização deve permitir refresh token com usuário de seed","status":"passed","title":"deve permitir refresh token com usuário de seed","duration":1647.9298799999997,"failureMessages":[],"location":{"line":186,"column":5},"meta":{}}],"startTime":1761134982557,"endTime":1761134994103.93,"status":"passed","message":"","name":"/home/gfrancodev/Documentos/gfrancodev/player/backend/src/modules/auth/e2e/auth.seed-users.e2e.test.ts"},{"assertionResults":[{"ancestorTitles":["POST /v1/auth/signup","Casos Positivos"],"fullName":"POST /v1/auth/signup Casos Positivos deve criar um novo usuário com dados válidos","status":"passed","title":"deve criar um novo usuário com dados válidos","duration":2207.572806,"failureMessages":[],"location":{"line":7,"column":5},"meta":{}},{"ancestorTitles":["POST /v1/auth/signup","Casos Positivos"],"fullName":"POST /v1/auth/signup Casos Positivos deve criar usuário sem city_slug (opcional)","status":"passed","title":"deve criar usuário sem city_slug (opcional)","duration":1226.7327950000004,"failureMessages":[],"location":{"line":50,"column":5},"meta":{}},{"ancestorTitles":["POST /v1/auth/signup","Casos Positivos"],"fullName":"POST /v1/auth/signup Casos Positivos deve criar usuário com username contendo caracteres especiais permitidos","status":"passed","title":"deve criar usuário com username contendo caracteres especiais permitidos","duration":1217.5317519999999,"failureMessages":[],"location":{"line":67,"column":5},"meta":{}},{"ancestorTitles":["POST /v1/auth/signup","Casos Negativos"],"fullName":"POST /v1/auth/signup Casos Negativos deve retornar erro 409 quando email já existe","status":"passed","title":"deve retornar erro 409 quando email já existe","duration":1358.8270139999995,"failureMessages":[],"location":{"line":86,"column":5},"meta":{}},{"ancestorTitles":["POST /v1/auth/signup","Casos Negativos"],"fullName":"POST /v1/auth/signup Casos Negativos deve retornar erro 409 quando username já existe","status":"passed","title":"deve retornar erro 409 quando username já existe","duration":1441.1489570000003,"failureMessages":[],"location":{"line":117,"column":5},"meta":{}},{"ancestorTitles":["POST /v1/auth/signup","Casos Negativos"],"fullName":"POST /v1/auth/signup Casos Negativos deve retornar erro 422 para email inválido","status":"passed","title":"deve retornar erro 422 para email inválido","duration":4.273087999999916,"failureMessages":[],"location":{"line":148,"column":5},"meta":{}},{"ancestorTitles":["POST /v1/auth/signup","Casos Negativos"],"fullName":"POST /v1/auth/signup Casos Negativos deve retornar erro 422 para senha muito curta","status":"passed","title":"deve retornar erro 422 para senha muito curta","duration":3.1337750000002416,"failureMessages":[],"location":{"line":171,"column":5},"meta":{}},{"ancestorTitles":["POST /v1/auth/signup","Casos Negativos"],"fullName":"POST /v1/auth/signup Casos Negativos deve retornar erro 422 para username muito curto","status":"passed","title":"deve retornar erro 422 para username muito curto","duration":3.1136590000005526,"failureMessages":[],"location":{"line":194,"column":5},"meta":{}},{"ancestorTitles":["POST /v1/auth/signup","Casos Negativos"],"fullName":"POST /v1/auth/signup Casos Negativos deve retornar erro 422 para username com caracteres inválidos","status":"passed","title":"deve retornar erro 422 para username com caracteres inválidos","duration":2.261490999999296,"failureMessages":[],"location":{"line":217,"column":5},"meta":{}},{"ancestorTitles":["POST /v1/auth/signup","Casos Negativos"],"fullName":"POST /v1/auth/signup Casos Negativos deve retornar erro 422 para state com tamanho inválido","status":"passed","title":"deve retornar erro 422 para state com tamanho inválido","duration":2.1403599999994185,"failureMessages":[],"location":{"line":240,"column":5},"meta":{}},{"ancestorTitles":["POST /v1/auth/signup","Casos Negativos"],"fullName":"POST /v1/auth/signup Casos Negativos deve retornar erro 422 para campos obrigatórios ausentes","status":"passed","title":"deve retornar erro 422 para campos obrigatórios ausentes","duration":2.564916000001176,"failureMessages":[],"location":{"line":263,"column":5},"meta":{}},{"ancestorTitles":["POST /v1/auth/signup","Casos Negativos"],"fullName":"POST /v1/auth/signup Casos Negativos deve retornar erro 422 para body vazio","status":"passed","title":"deve retornar erro 422 para body vazio","duration":2.4690089999985503,"failureMessages":[],"location":{"line":286,"column":5},"meta":{}}],"startTime":1761134990096,"endTime":1761134997568.469,"status":"passed","message":"","name":"/home/gfrancodev/Documentos/gfrancodev/player/backend/src/modules/auth/e2e/auth.signup.e2e.test.ts"},{"assertionResults":[{"ancestorTitles":["POST /v1/contact/:username","Casos Positivos"],"fullName":"POST /v1/contact/:username Casos Positivos deve criar contato com dados válidos","status":"passed","title":"deve criar contato com dados válidos","duration":2631.375358,"failureMessages":[],"location":{"line":7,"column":5},"meta":{}},{"ancestorTitles":["POST /v1/contact/:username","Casos Positivos"],"fullName":"POST /v1/contact/:username Casos Positivos deve criar contato sem hCaptcha token","status":"passed","title":"deve criar contato sem hCaptcha token","duration":1709.0001150000003,"failureMessages":[],"location":{"line":38,"column":5},"meta":{}},{"ancestorTitles":["POST /v1/contact/:username","Casos Positivos"],"fullName":"POST /v1/contact/:username Casos Positivos deve criar contato com diferentes canais","status":"passed","title":"deve criar contato com diferentes canais","duration":4479.993844999999,"failureMessages":[],"location":{"line":67,"column":5},"meta":{}},{"ancestorTitles":["POST /v1/contact/:username","Casos Positivos"],"fullName":"POST /v1/contact/:username Casos Positivos deve criar contato com mensagem longa","status":"passed","title":"deve criar contato com mensagem longa","duration":1719.515566,"failureMessages":[],"location":{"line":94,"column":5},"meta":{}},{"ancestorTitles":["POST /v1/contact/:username","Casos Negativos"],"fullName":"POST /v1/contact/:username Casos Negativos deve retornar erro 404 para username inexistente","status":"passed","title":"deve retornar erro 404 para username inexistente","duration":105.21259400000054,"failureMessages":[],"location":{"line":120,"column":5},"meta":{}},{"ancestorTitles":["POST /v1/contact/:username","Casos Negativos"],"fullName":"POST /v1/contact/:username Casos Negativos deve retornar erro 422 para channel inválido","status":"passed","title":"deve retornar erro 422 para channel inválido","duration":1192.314099000001,"failureMessages":[],"location":{"line":139,"column":5},"meta":{}},{"ancestorTitles":["POST /v1/contact/:username","Casos Negativos"],"fullName":"POST /v1/contact/:username Casos Negativos deve retornar erro 422 para message vazia","status":"passed","title":"deve retornar erro 422 para message vazia","duration":1182.8577939999996,"failureMessages":[],"location":{"line":168,"column":5},"meta":{}},{"ancestorTitles":["POST /v1/contact/:username","Casos Negativos"],"fullName":"POST /v1/contact/:username Casos Negativos deve retornar erro 422 para message ausente","status":"passed","title":"deve retornar erro 422 para message ausente","duration":1181.3386599999994,"failureMessages":[],"location":{"line":197,"column":5},"meta":{}},{"ancestorTitles":["POST /v1/contact/:username","Casos Negativos"],"fullName":"POST /v1/contact/:username Casos Negativos deve retornar erro 422 para message muito longa","status":"passed","title":"deve retornar erro 422 para message muito longa","duration":1199.0644909999992,"failureMessages":[],"location":{"line":225,"column":5},"meta":{}},{"ancestorTitles":["POST /v1/contact/:username","Casos Negativos"],"fullName":"POST /v1/contact/:username Casos Negativos deve retornar erro 422 para channel ausente","status":"passed","title":"deve retornar erro 422 para channel ausente","duration":1173.2871759999998,"failureMessages":[],"location":{"line":256,"column":5},"meta":{}},{"ancestorTitles":["POST /v1/contact/:username","Casos Negativos"],"fullName":"POST /v1/contact/:username Casos Negativos deve retornar erro 422 para body vazio","status":"passed","title":"deve retornar erro 422 para body vazio","duration":1215.211202999999,"failureMessages":[],"location":{"line":284,"column":5},"meta":{}},{"ancestorTitles":["POST /v1/contact/:username","Casos Negativos"],"fullName":"POST /v1/contact/:username Casos Negativos deve retornar erro 404 para player inativo","status":"passed","title":"deve retornar erro 404 para player inativo","duration":1715.3468109999994,"failureMessages":[],"location":{"line":308,"column":5},"meta":{}}],"startTime":1761134999145,"endTime":1761135018651.347,"status":"passed","message":"","name":"/home/gfrancodev/Documentos/gfrancodev/player/backend/src/modules/contact/e2e/contact.create.e2e.test.ts"},{"assertionResults":[{"ancestorTitles":["POST /v1/files/presign","Casos Positivos"],"fullName":"POST /v1/files/presign Casos Positivos deve gerar URL pré-assinada para upload de imagem de mídia","status":"failed","title":"deve gerar URL pré-assinada para upload de imagem de mídia","duration":1111.408638,"failureMessages":["Error: Falha ao criar usuário de teste: 409 - {\"success\":false,\"code\":\"PL-0409\",\"error\":{\"id\":\"93a7f2a9-bfd6-4f0f-8a13-6435409ea1b2\",\"status\":409,\"name\":\"Conflict\",\"details\":{\"timestamp\":\"2025-10-22T12:10:00.328Z\",\"path\":\"/v1/auth/signup\",\"message\":\"Conflict\",\"field\":\"email\",\"value\":\"files@example.com\"}}}\n    at AuthHelper.createTestUser (/home/gfrancodev/Documentos/gfrancodev/player/backend/test/utils/auth-helper.ts:78:13)\n    at processTicksAndRejections (node:internal/process/task_queues:103:5)\n    at /home/gfrancodev/Documentos/gfrancodev/player/backend/src/modules/files/e2e/files.presign.e2e.test.ts:8:32\n    at file:///home/gfrancodev/Documentos/gfrancodev/player/backend/node_modules/@vitest/runner/dist/chunk-hooks.js:752:20","Error: Falha ao criar usuário de teste: 409 - {\"success\":false,\"code\":\"PL-0409\",\"error\":{\"id\":\"e248c952-494f-4c4b-957a-220daf98d280\",\"status\":409,\"name\":\"Conflict\",\"details\":{\"timestamp\":\"2025-10-22T12:10:00.447Z\",\"path\":\"/v1/auth/signup\",\"message\":\"Conflict\",\"field\":\"email\",\"value\":\"files@example.com\"}}}\n    at AuthHelper.createTestUser (/home/gfrancodev/Documentos/gfrancodev/player/backend/test/utils/auth-helper.ts:78:13)\n    at processTicksAndRejections (node:internal/process/task_queues:103:5)\n    at /home/gfrancodev/Documentos/gfrancodev/player/backend/src/modules/files/e2e/files.presign.e2e.test.ts:8:32\n    at file:///home/gfrancodev/Documentos/gfrancodev/player/backend/node_modules/@vitest/runner/dist/chunk-hooks.js:752:20"],"location":{"line":7,"column":5},"meta":{}},{"ancestorTitles":["POST /v1/files/presign","Casos Positivos"],"fullName":"POST /v1/files/presign Casos Positivos deve gerar URL pré-assinada para upload de vídeo de mídia","status":"passed","title":"deve gerar URL pré-assinada para upload de vídeo de mídia","duration":1314.4596190000002,"failureMessages":[],"location":{"line":44,"column":5},"meta":{}},{"ancestorTitles":["POST /v1/files/presign","Casos Positivos"],"fullName":"POST /v1/files/presign Casos Positivos deve gerar URL pré-assinada para upload de avatar","status":"passed","title":"deve gerar URL pré-assinada para upload de avatar","duration":1295.8908970000002,"failureMessages":[],"location":{"line":79,"column":5},"meta":{}},{"ancestorTitles":["POST /v1/files/presign","Casos Positivos"],"fullName":"POST /v1/files/presign Casos Positivos deve gerar URL pré-assinada para upload de banner","status":"passed","title":"deve gerar URL pré-assinada para upload de banner","duration":1276.3373089999995,"failureMessages":[],"location":{"line":114,"column":5},"meta":{}},{"ancestorTitles":["POST /v1/files/presign","Casos Positivos"],"fullName":"POST /v1/files/presign Casos Positivos deve gerar URL pré-assinada para diferentes tipos de imagem","status":"passed","title":"deve gerar URL pré-assinada para diferentes tipos de imagem","duration":1603.4857819999997,"failureMessages":[],"location":{"line":149,"column":5},"meta":{}},{"ancestorTitles":["POST /v1/files/presign","Casos Positivos"],"fullName":"POST /v1/files/presign Casos Positivos deve gerar URL pré-assinada para diferentes tipos de vídeo","status":"passed","title":"deve gerar URL pré-assinada para diferentes tipos de vídeo","duration":1455.74528,"failureMessages":[],"location":{"line":182,"column":5},"meta":{}},{"ancestorTitles":["POST /v1/files/presign","Casos Negativos"],"fullName":"POST /v1/files/presign Casos Negativos deve retornar erro 401 para requisição sem autenticação","status":"passed","title":"deve retornar erro 401 para requisição sem autenticação","duration":2.025423999999475,"failureMessages":[],"location":{"line":216,"column":5},"meta":{}},{"ancestorTitles":["POST /v1/files/presign","Casos Negativos"],"fullName":"POST /v1/files/presign Casos Negativos deve retornar erro 401 para token inválido","status":"passed","title":"deve retornar erro 401 para token inválido","duration":1.9879479999999603,"failureMessages":[],"location":{"line":236,"column":5},"meta":{}},{"ancestorTitles":["POST /v1/files/presign","Casos Negativos"],"fullName":"POST /v1/files/presign Casos Negativos deve retornar erro 422 para content_type inválido para mídia","status":"passed","title":"deve retornar erro 422 para content_type inválido para mídia","duration":1279.6063279999998,"failureMessages":[],"location":{"line":260,"column":5},"meta":{}},{"ancestorTitles":["POST /v1/files/presign","Casos Negativos"],"fullName":"POST /v1/files/presign Casos Negativos deve retornar erro 400 para content_type inválido para avatar","status":"passed","title":"deve retornar erro 400 para content_type inválido para avatar","duration":1289.3468589999993,"failureMessages":[],"location":{"line":291,"column":5},"meta":{}},{"ancestorTitles":["POST /v1/files/presign","Casos Negativos"],"fullName":"POST /v1/files/presign Casos Negativos deve retornar erro 422 para file_name vazio","status":"passed","title":"deve retornar erro 422 para file_name vazio","duration":1286.1241690000006,"failureMessages":[],"location":{"line":322,"column":5},"meta":{}},{"ancestorTitles":["POST /v1/files/presign","Casos Negativos"],"fullName":"POST /v1/files/presign Casos Negativos deve retornar erro 422 para file_name muito longo","status":"passed","title":"deve retornar erro 422 para file_name muito longo","duration":1286.3030989999988,"failureMessages":[],"location":{"line":353,"column":5},"meta":{}},{"ancestorTitles":["POST /v1/files/presign","Casos Negativos"],"fullName":"POST /v1/files/presign Casos Negativos deve retornar erro 422 para content_type inválido","status":"passed","title":"deve retornar erro 422 para content_type inválido","duration":1323.8992150000013,"failureMessages":[],"location":{"line":386,"column":5},"meta":{}},{"ancestorTitles":["POST /v1/files/presign","Casos Negativos"],"fullName":"POST /v1/files/presign Casos Negativos deve retornar erro 422 para kind inválido","status":"passed","title":"deve retornar erro 422 para kind inválido","duration":1276.143012999999,"failureMessages":[],"location":{"line":417,"column":5},"meta":{}},{"ancestorTitles":["POST /v1/files/presign","Casos Negativos"],"fullName":"POST /v1/files/presign Casos Negativos deve retornar erro 422 para campos obrigatórios ausentes","status":"passed","title":"deve retornar erro 422 para campos obrigatórios ausentes","duration":1270.3844849999987,"failureMessages":[],"location":{"line":448,"column":5},"meta":{}},{"ancestorTitles":["POST /v1/files/presign","Casos Negativos"],"fullName":"POST /v1/files/presign Casos Negativos deve retornar erro 422 para body vazio","status":"passed","title":"deve retornar erro 422 para body vazio","duration":1276.7846299999983,"failureMessages":[],"location":{"line":479,"column":5},"meta":{}}],"startTime":1761134999337,"endTime":1761135017688.7847,"status":"failed","message":"","name":"/home/gfrancodev/Documentos/gfrancodev/player/backend/src/modules/files/e2e/files.presign.e2e.test.ts"},{"assertionResults":[{"ancestorTitles":["GET /v1/locations","GET /v1/locations/states","Casos Positivos"],"fullName":"GET /v1/locations GET /v1/locations/states Casos Positivos deve retornar lista de estados disponíveis","status":"passed","title":"deve retornar lista de estados disponíveis","duration":447.20175100000006,"failureMessages":[],"location":{"line":33,"column":7},"meta":{}},{"ancestorTitles":["GET /v1/locations","GET /v1/locations/states","Casos Positivos"],"fullName":"GET /v1/locations GET /v1/locations/states Casos Positivos deve retornar estados ordenados alfabeticamente","status":"passed","title":"deve retornar estados ordenados alfabeticamente","duration":236.29823399999987,"failureMessages":[],"location":{"line":46,"column":7},"meta":{}},{"ancestorTitles":["GET /v1/locations","GET /v1/locations/states","Casos Positivos"],"fullName":"GET /v1/locations GET /v1/locations/states Casos Positivos deve retornar apenas estados com perfis ativos","status":"passed","title":"deve retornar apenas estados com perfis ativos","duration":226.9858049999998,"failureMessages":[],"location":{"line":59,"column":7},"meta":{}},{"ancestorTitles":["GET /v1/locations","GET /v1/locations/states","Casos Negativos"],"fullName":"GET /v1/locations GET /v1/locations/states Casos Negativos deve retornar lista vazia quando não há perfis ativos","status":"passed","title":"deve retornar lista vazia quando não há perfis ativos","duration":228.09359399999994,"failureMessages":[],"location":{"line":69,"column":7},"meta":{}},{"ancestorTitles":["GET /v1/locations","GET /v1/locations/:uf/cities","Casos Positivos"],"fullName":"GET /v1/locations GET /v1/locations/:uf/cities Casos Positivos deve retornar cidades de um estado específico","status":"passed","title":"deve retornar cidades de um estado específico","duration":228.43951700000025,"failureMessages":[],"location":{"line":83,"column":7},"meta":{}},{"ancestorTitles":["GET /v1/locations","GET /v1/locations/:uf/cities","Casos Positivos"],"fullName":"GET /v1/locations GET /v1/locations/:uf/cities Casos Positivos deve retornar cidades com nome e slug","status":"passed","title":"deve retornar cidades com nome e slug","duration":228.74056799999926,"failureMessages":[],"location":{"line":97,"column":7},"meta":{}},{"ancestorTitles":["GET /v1/locations","GET /v1/locations/:uf/cities","Casos Positivos"],"fullName":"GET /v1/locations GET /v1/locations/:uf/cities Casos Positivos deve retornar cidades ordenadas alfabeticamente","status":"passed","title":"deve retornar cidades ordenadas alfabeticamente","duration":227.33818000000065,"failureMessages":[],"location":{"line":110,"column":7},"meta":{}},{"ancestorTitles":["GET /v1/locations","GET /v1/locations/:uf/cities","Casos Positivos"],"fullName":"GET /v1/locations GET /v1/locations/:uf/cities Casos Positivos deve retornar apenas cidades com perfis ativos","status":"passed","title":"deve retornar apenas cidades com perfis ativos","duration":227.55138199999965,"failureMessages":[],"location":{"line":123,"column":7},"meta":{}},{"ancestorTitles":["GET /v1/locations","GET /v1/locations/:uf/cities","Casos Negativos"],"fullName":"GET /v1/locations GET /v1/locations/:uf/cities Casos Negativos deve retornar lista vazia para estado inexistente","status":"passed","title":"deve retornar lista vazia para estado inexistente","duration":108.86581000000024,"failureMessages":[],"location":{"line":133,"column":7},"meta":{}},{"ancestorTitles":["GET /v1/locations","GET /v1/locations/:uf/cities","Casos Negativos"],"fullName":"GET /v1/locations GET /v1/locations/:uf/cities Casos Negativos deve retornar lista vazia para estado sem perfis ativos","status":"passed","title":"deve retornar lista vazia para estado sem perfis ativos","duration":107.44733899999937,"failureMessages":[],"location":{"line":143,"column":7},"meta":{}},{"ancestorTitles":["GET /v1/locations","GET /v1/locations/:uf/:city/players","Casos Positivos"],"fullName":"GET /v1/locations GET /v1/locations/:uf/:city/players Casos Positivos deve retornar players de uma cidade específica","status":"passed","title":"deve retornar players de uma cidade específica","duration":341.6539870000006,"failureMessages":[],"location":{"line":157,"column":7},"meta":{}},{"ancestorTitles":["GET /v1/locations","GET /v1/locations/:uf/:city/players","Casos Positivos"],"fullName":"GET /v1/locations GET /v1/locations/:uf/:city/players Casos Positivos deve retornar players com informações completas","status":"passed","title":"deve retornar players com informações completas","duration":340.360866,"failureMessages":[],"location":{"line":173,"column":7},"meta":{}},{"ancestorTitles":["GET /v1/locations","GET /v1/locations/:uf/:city/players","Casos Positivos"],"fullName":"GET /v1/locations GET /v1/locations/:uf/:city/players Casos Positivos deve respeitar limite de resultados","status":"passed","title":"deve respeitar limite de resultados","duration":335.31175900000017,"failureMessages":[],"location":{"line":193,"column":7},"meta":{}},{"ancestorTitles":["GET /v1/locations","GET /v1/locations/:uf/:city/players","Casos Positivos"],"fullName":"GET /v1/locations GET /v1/locations/:uf/:city/players Casos Positivos deve limitar máximo de 100 resultados","status":"passed","title":"deve limitar máximo de 100 resultados","duration":628.7756009999994,"failureMessages":[],"location":{"line":205,"column":7},"meta":{}},{"ancestorTitles":["GET /v1/locations","GET /v1/locations/:uf/:city/players","Casos Positivos"],"fullName":"GET /v1/locations GET /v1/locations/:uf/:city/players Casos Positivos deve usar limite padrão de 20 quando não especificado","status":"passed","title":"deve usar limite padrão de 20 quando não especificado","duration":353.92289399999936,"failureMessages":[],"location":{"line":217,"column":7},"meta":{}},{"ancestorTitles":["GET /v1/locations","GET /v1/locations/:uf/:city/players","Casos Positivos"],"fullName":"GET /v1/locations GET /v1/locations/:uf/:city/players Casos Positivos deve suportar paginação com cursor","status":"passed","title":"deve suportar paginação com cursor","duration":1291.7822680000008,"failureMessages":[],"location":{"line":225,"column":7},"meta":{}},{"ancestorTitles":["GET /v1/locations","GET /v1/locations/:uf/:city/players","Casos Positivos"],"fullName":"GET /v1/locations GET /v1/locations/:uf/:city/players Casos Positivos deve retornar apenas players ativos","status":"passed","title":"deve retornar apenas players ativos","duration":362.8476930000015,"failureMessages":[],"location":{"line":245,"column":7},"meta":{}},{"ancestorTitles":["GET /v1/locations","GET /v1/locations/:uf/:city/players","Casos Positivos"],"fullName":"GET /v1/locations GET /v1/locations/:uf/:city/players Casos Positivos deve fazer busca case-insensitive por cidade","status":"passed","title":"deve fazer busca case-insensitive por cidade","duration":934.3023620000004,"failureMessages":[],"location":{"line":258,"column":7},"meta":{}},{"ancestorTitles":["GET /v1/locations","GET /v1/locations/:uf/:city/players","Casos Positivos"],"fullName":"GET /v1/locations GET /v1/locations/:uf/:city/players Casos Positivos deve incluir contagem de mídia aprovada","status":"passed","title":"deve incluir contagem de mídia aprovada","duration":340.40201999999954,"failureMessages":[],"location":{"line":269,"column":7},"meta":{}},{"ancestorTitles":["GET /v1/locations","GET /v1/locations/:uf/:city/players","Casos Negativos"],"fullName":"GET /v1/locations GET /v1/locations/:uf/:city/players Casos Negativos deve retornar lista vazia para cidade inexistente","status":"passed","title":"deve retornar lista vazia para cidade inexistente","duration":116.97510900000088,"failureMessages":[],"location":{"line":285,"column":7},"meta":{}},{"ancestorTitles":["GET /v1/locations","GET /v1/locations/:uf/:city/players","Casos Negativos"],"fullName":"GET /v1/locations GET /v1/locations/:uf/:city/players Casos Negativos deve retornar lista vazia para estado inexistente","status":"passed","title":"deve retornar lista vazia para estado inexistente","duration":108.51713899999959,"failureMessages":[],"location":{"line":301,"column":7},"meta":{}},{"ancestorTitles":["GET /v1/locations","GET /v1/locations/:uf/:city/players","Casos Negativos"],"fullName":"GET /v1/locations GET /v1/locations/:uf/:city/players Casos Negativos deve retornar erro para limite inválido","status":"passed","title":"deve retornar erro para limite inválido","duration":29.127651000000697,"failureMessages":[],"location":{"line":317,"column":7},"meta":{}},{"ancestorTitles":["GET /v1/locations","GET /v1/locations/:uf/:city/players","Casos Negativos"],"fullName":"GET /v1/locations GET /v1/locations/:uf/:city/players Casos Negativos deve retornar erro para limite negativo","status":"passed","title":"deve retornar erro para limite negativo","duration":333.9325580000004,"failureMessages":[],"location":{"line":331,"column":7},"meta":{}},{"ancestorTitles":["GET /v1/locations","GET /v1/locations/:uf/:city/players","Casos Negativos"],"fullName":"GET /v1/locations GET /v1/locations/:uf/:city/players Casos Negativos deve retornar erro para limite zero","status":"passed","title":"deve retornar erro para limite zero","duration":332.8686890000008,"failureMessages":[],"location":{"line":342,"column":7},"meta":{}},{"ancestorTitles":["GET /v1/locations","Testes de Integração"],"fullName":"GET /v1/locations Testes de Integração deve funcionar o fluxo completo: estados -> cidades -> players","status":"passed","title":"deve funcionar o fluxo completo: estados -> cidades -> players","duration":655.0682020000004,"failureMessages":[],"location":{"line":356,"column":5},"meta":{}},{"ancestorTitles":["GET /v1/locations","Testes de Integração"],"fullName":"GET /v1/locations Testes de Integração deve manter consistência entre endpoints","status":"passed","title":"deve manter consistência entre endpoints","duration":1513.4251519999998,"failureMessages":[],"location":{"line":383,"column":5},"meta":{}}],"startTime":1761135032964,"endTime":1761135043253.425,"status":"failed","message":"Hook timed out in 60000ms.\nIf this is a long-running hook, pass a timeout value as the last argument or configure it globally with \"hookTimeout\".","name":"/home/gfrancodev/Documentos/gfrancodev/player/backend/src/modules/locations/e2e/locations.e2e.test.ts"},{"assertionResults":[{"ancestorTitles":["GET /v1/players","GET /v1/players","Casos Positivos"],"fullName":"GET /v1/players GET /v1/players Casos Positivos deve retornar lista de players com dados padrão","status":"passed","title":"deve retornar lista de players com dados padrão","duration":224.12675800000034,"failureMessages":[],"location":{"line":57,"column":7},"meta":{}},{"ancestorTitles":["GET /v1/players","GET /v1/players","Casos Positivos"],"fullName":"GET /v1/players GET /v1/players Casos Positivos deve retornar lista de players com limite personalizado","status":"passed","title":"deve retornar lista de players com limite personalizado","duration":222.7927810000001,"failureMessages":[],"location":{"line":83,"column":7},"meta":{}},{"ancestorTitles":["GET /v1/players","GET /v1/players","Casos Positivos"],"fullName":"GET /v1/players GET /v1/players Casos Positivos deve filtrar players por estado","status":"passed","title":"deve filtrar players por estado","duration":217.7623139999996,"failureMessages":[],"location":{"line":101,"column":7},"meta":{}},{"ancestorTitles":["GET /v1/players","GET /v1/players","Casos Positivos"],"fullName":"GET /v1/players GET /v1/players Casos Positivos deve filtrar players por cidade","status":"passed","title":"deve filtrar players por cidade","duration":237.36021699999947,"failureMessages":[],"location":{"line":113,"column":7},"meta":{}},{"ancestorTitles":["GET /v1/players","GET /v1/players","Casos Positivos"],"fullName":"GET /v1/players GET /v1/players Casos Positivos deve filtrar players por query de busca","status":"passed","title":"deve filtrar players por query de busca","duration":215.56844499999988,"failureMessages":[],"location":{"line":125,"column":7},"meta":{}},{"ancestorTitles":["GET /v1/players","GET /v1/players","Casos Positivos"],"fullName":"GET /v1/players GET /v1/players Casos Positivos deve ordenar players por data de criação (desc)","status":"passed","title":"deve ordenar players por data de criação (desc)","duration":216.59142599999996,"failureMessages":[],"location":{"line":138,"column":7},"meta":{}},{"ancestorTitles":["GET /v1/players","GET /v1/players","Casos Positivos"],"fullName":"GET /v1/players GET /v1/players Casos Positivos deve ordenar players por data de criação (asc)","status":"passed","title":"deve ordenar players por data de criação (asc)","duration":216.79902399999992,"failureMessages":[],"location":{"line":153,"column":7},"meta":{}},{"ancestorTitles":["GET /v1/players","GET /v1/players","Casos Positivos"],"fullName":"GET /v1/players GET /v1/players Casos Positivos deve retornar paginação com cursor","status":"passed","title":"deve retornar paginação com cursor","duration":429.24013300000024,"failureMessages":[],"location":{"line":170,"column":7},"meta":{}},{"ancestorTitles":["GET /v1/players","GET /v1/players","Casos Negativos"],"fullName":"GET /v1/players GET /v1/players Casos Negativos deve retornar erro 422 para limite inválido (muito alto)","status":"passed","title":"deve retornar erro 422 para limite inválido (muito alto)","duration":3.3951379999998608,"failureMessages":[],"location":{"line":192,"column":7},"meta":{}},{"ancestorTitles":["GET /v1/players","GET /v1/players","Casos Negativos"],"fullName":"GET /v1/players GET /v1/players Casos Negativos deve retornar erro 422 para limite inválido (muito baixo)","status":"passed","title":"deve retornar erro 422 para limite inválido (muito baixo)","duration":1.9915410000003249,"failureMessages":[],"location":{"line":201,"column":7},"meta":{}},{"ancestorTitles":["GET /v1/players","GET /v1/players","Casos Negativos"],"fullName":"GET /v1/players GET /v1/players Casos Negativos deve retornar erro 422 para sort inválido","status":"passed","title":"deve retornar erro 422 para sort inválido","duration":2.1267930000003616,"failureMessages":[],"location":{"line":210,"column":7},"meta":{}},{"ancestorTitles":["GET /v1/players","GET /v1/players","Casos Negativos"],"fullName":"GET /v1/players GET /v1/players Casos Negativos deve retornar erro 422 para tags inválidas","status":"passed","title":"deve retornar erro 422 para tags inválidas","duration":2.1628699999992023,"failureMessages":[],"location":{"line":219,"column":7},"meta":{}},{"ancestorTitles":["GET /v1/players","GET /v1/players/:username","Casos Positivos"],"fullName":"GET /v1/players GET /v1/players/:username Casos Positivos deve retornar perfil de player existente","status":"passed","title":"deve retornar perfil de player existente","duration":216.6412220000002,"failureMessages":[],"location":{"line":231,"column":7},"meta":{}},{"ancestorTitles":["GET /v1/players","GET /v1/players/:username","Casos Positivos"],"fullName":"GET /v1/players GET /v1/players/:username Casos Positivos deve retornar perfil de player com informações completas","status":"passed","title":"deve retornar perfil de player com informações completas","duration":209.17880800000057,"failureMessages":[],"location":{"line":248,"column":7},"meta":{}},{"ancestorTitles":["GET /v1/players","GET /v1/players/:username","Casos Negativos"],"fullName":"GET /v1/players GET /v1/players/:username Casos Negativos deve retornar erro 404 para username inexistente","status":"passed","title":"deve retornar erro 404 para username inexistente","duration":106.00804400000015,"failureMessages":[],"location":{"line":264,"column":7},"meta":{}},{"ancestorTitles":["GET /v1/players","GET /v1/players/:username","Casos Negativos"],"fullName":"GET /v1/players GET /v1/players/:username Casos Negativos deve retornar erro 404 para username vazio","status":"passed","title":"deve retornar erro 404 para username vazio","duration":105.7394060000006,"failureMessages":[],"location":{"line":272,"column":7},"meta":{}},{"ancestorTitles":["GET /v1/players","GET /v1/players/:username/media","Casos Positivos"],"fullName":"GET /v1/players GET /v1/players/:username/media Casos Positivos deve retornar mídia de player existente","status":"passed","title":"deve retornar mídia de player existente","duration":313.955234,"failureMessages":[],"location":{"line":282,"column":7},"meta":{}},{"ancestorTitles":["GET /v1/players","GET /v1/players/:username/media","Casos Positivos"],"fullName":"GET /v1/players GET /v1/players/:username/media Casos Positivos deve retornar mídia com limite personalizado","status":"passed","title":"deve retornar mídia com limite personalizado","duration":313.41320899999937,"failureMessages":[],"location":{"line":292,"column":7},"meta":{}},{"ancestorTitles":["GET /v1/players","GET /v1/players/:username/media","Casos Positivos"],"fullName":"GET /v1/players GET /v1/players/:username/media Casos Positivos deve retornar mídia filtrada por tipo","status":"passed","title":"deve retornar mídia filtrada por tipo","duration":314.93791000000056,"failureMessages":[],"location":{"line":300,"column":7},"meta":{}},{"ancestorTitles":["GET /v1/players","GET /v1/players/:username/media","Casos Positivos"],"fullName":"GET /v1/players GET /v1/players/:username/media Casos Positivos deve retornar mídia com cursor de paginação","status":"passed","title":"deve retornar mídia com cursor de paginação","duration":317.45323199999984,"failureMessages":[],"location":{"line":310,"column":7},"meta":{}},{"ancestorTitles":["GET /v1/players","GET /v1/players/:username/media","Casos Negativos"],"fullName":"GET /v1/players GET /v1/players/:username/media Casos Negativos deve retornar erro 404 para username inexistente","status":"passed","title":"deve retornar erro 404 para username inexistente","duration":106.67265899999984,"failureMessages":[],"location":{"line":320,"column":7},"meta":{}},{"ancestorTitles":["GET /v1/players","GET /v1/players/search","Casos Positivos"],"fullName":"GET /v1/players GET /v1/players/search Casos Positivos deve buscar players por query","status":"passed","title":"deve buscar players por query","duration":217.77129799999966,"failureMessages":[],"location":{"line":332,"column":7},"meta":{}},{"ancestorTitles":["GET /v1/players","GET /v1/players/search","Casos Positivos"],"fullName":"GET /v1/players GET /v1/players/search Casos Positivos deve buscar players por estado","status":"passed","title":"deve buscar players por estado","duration":228.3310020000008,"failureMessages":[],"location":{"line":354,"column":7},"meta":{}},{"ancestorTitles":["GET /v1/players","GET /v1/players/search","Casos Positivos"],"fullName":"GET /v1/players GET /v1/players/search Casos Positivos deve buscar players por cidade","status":"passed","title":"deve buscar players por cidade","duration":216.33323199999904,"failureMessages":[],"location":{"line":366,"column":7},"meta":{}},{"ancestorTitles":["GET /v1/players","GET /v1/players/search","Casos Positivos"],"fullName":"GET /v1/players GET /v1/players/search Casos Positivos deve buscar players com tipo específico","status":"passed","title":"deve buscar players com tipo específico","duration":217.8497359999983,"failureMessages":[],"location":{"line":378,"column":7},"meta":{}},{"ancestorTitles":["GET /v1/players","GET /v1/players/search","Casos Positivos"],"fullName":"GET /v1/players GET /v1/players/search Casos Positivos deve buscar com limite personalizado","status":"passed","title":"deve buscar com limite personalizado","duration":215.21191499999986,"failureMessages":[],"location":{"line":386,"column":7},"meta":{}},{"ancestorTitles":["GET /v1/players","GET /v1/players/search","Casos Positivos"],"fullName":"GET /v1/players GET /v1/players/search Casos Positivos deve buscar com paginação","status":"passed","title":"deve buscar com paginação","duration":215.1851910000005,"failureMessages":[],"location":{"line":395,"column":7},"meta":{}},{"ancestorTitles":["GET /v1/players","GET /v1/players/search","Casos Negativos"],"fullName":"GET /v1/players GET /v1/players/search Casos Negativos deve retornar erro 422 para query vazia","status":"passed","title":"deve retornar erro 422 para query vazia","duration":2.626243999999133,"failureMessages":[],"location":{"line":409,"column":7},"meta":{}},{"ancestorTitles":["GET /v1/players","GET /v1/players/search","Casos Negativos"],"fullName":"GET /v1/players GET /v1/players/search Casos Negativos deve retornar erro 422 para query ausente","status":"passed","title":"deve retornar erro 422 para query ausente","duration":1.519508000001224,"failureMessages":[],"location":{"line":418,"column":7},"meta":{}},{"ancestorTitles":["GET /v1/players","GET /v1/players/search","Casos Negativos"],"fullName":"GET /v1/players GET /v1/players/search Casos Negativos deve retornar erro 422 para tipo inválido","status":"passed","title":"deve retornar erro 422 para tipo inválido","duration":1.72337300000072,"failureMessages":[],"location":{"line":427,"column":7},"meta":{}},{"ancestorTitles":["GET /v1/players","GET /v1/players/search","Casos Negativos"],"fullName":"GET /v1/players GET /v1/players/search Casos Negativos deve retornar erro 422 para limite inválido","status":"passed","title":"deve retornar erro 422 para limite inválido","duration":1.7138509999986127,"failureMessages":[],"location":{"line":436,"column":7},"meta":{}},{"ancestorTitles":["GET /v1/players","GET /v1/players/trending","Casos Positivos"],"fullName":"GET /v1/players GET /v1/players/trending Casos Positivos deve retornar players em alta","status":"passed","title":"deve retornar players em alta","duration":216.2454600000001,"failureMessages":[],"location":{"line":449,"column":7},"meta":{}},{"ancestorTitles":["GET /v1/players","GET /v1/players/trending","Casos Positivos"],"fullName":"GET /v1/players GET /v1/players/trending Casos Positivos deve retornar players em alta com limite personalizado","status":"passed","title":"deve retornar players em alta com limite personalizado","duration":213.69233600000007,"failureMessages":[],"location":{"line":471,"column":7},"meta":{}},{"ancestorTitles":["GET /v1/players","GET /v1/players/trending","Casos Positivos"],"fullName":"GET /v1/players GET /v1/players/trending Casos Positivos deve retornar players em alta com paginação","status":"passed","title":"deve retornar players em alta com paginação","duration":214.41779700000006,"failureMessages":[],"location":{"line":480,"column":7},"meta":{}},{"ancestorTitles":["GET /v1/players","GET /v1/players/trending","Casos Negativos"],"fullName":"GET /v1/players GET /v1/players/trending Casos Negativos deve retornar erro 422 para limite muito alto","status":"passed","title":"deve retornar erro 422 para limite muito alto","duration":2.2803509999994276,"failureMessages":[],"location":{"line":494,"column":7},"meta":{}},{"ancestorTitles":["GET /v1/players","GET /v1/players/trending","Casos Negativos"],"fullName":"GET /v1/players GET /v1/players/trending Casos Negativos deve retornar erro 422 para limite muito baixo","status":"passed","title":"deve retornar erro 422 para limite muito baixo","duration":1.523855999999796,"failureMessages":[],"location":{"line":503,"column":7},"meta":{}}],"startTime":1761135046156,"endTime":1761135052119.524,"status":"passed","message":"","name":"/home/gfrancodev/Documentos/gfrancodev/player/backend/src/modules/players/e2e/players.e2e.test.ts"},{"assertionResults":[{"ancestorTitles":["GET /v1/me/profile","Casos Positivos"],"fullName":"GET /v1/me/profile Casos Positivos deve retornar perfil do usuário autenticado","status":"passed","title":"deve retornar perfil do usuário autenticado","duration":311.9257319999997,"failureMessages":[],"location":{"line":34,"column":5},"meta":{}},{"ancestorTitles":["GET /v1/me/profile","Casos Positivos"],"fullName":"GET /v1/me/profile Casos Positivos deve incluir informações do usuário no perfil","status":"passed","title":"deve incluir informações do usuário no perfil","duration":308.0930549999998,"failureMessages":[],"location":{"line":51,"column":5},"meta":{}},{"ancestorTitles":["GET /v1/me/profile","Casos Negativos"],"fullName":"GET /v1/me/profile Casos Negativos deve retornar erro 401 para token ausente","status":"passed","title":"deve retornar erro 401 para token ausente","duration":3.0494269999999233,"failureMessages":[],"location":{"line":66,"column":5},"meta":{}},{"ancestorTitles":["GET /v1/me/profile","Casos Negativos"],"fullName":"GET /v1/me/profile Casos Negativos deve retornar erro 401 para token inválido","status":"passed","title":"deve retornar erro 401 para token inválido","duration":2.5854890000000523,"failureMessages":[],"location":{"line":80,"column":5},"meta":{}},{"ancestorTitles":["GET /v1/me/profile","Casos Negativos"],"fullName":"GET /v1/me/profile Casos Negativos deve retornar erro 401 para token expirado","status":"passed","title":"deve retornar erro 401 para token expirado","duration":2.8614840000000186,"failureMessages":[],"location":{"line":97,"column":5},"meta":{}}],"startTime":1761135064484,"endTime":1761135065112.8616,"status":"passed","message":"","name":"/home/gfrancodev/Documentos/gfrancodev/player/backend/src/modules/profiles/e2e/profile.get.e2e.test.ts"},{"assertionResults":[{"ancestorTitles":["POST /v1/me/media","Casos Positivos"],"fullName":"POST /v1/me/media Casos Positivos deve criar mídia de imagem com dados válidos","status":"passed","title":"deve criar mídia de imagem com dados válidos","duration":5660.53309,"failureMessages":[],"location":{"line":31,"column":5},"meta":{}},{"ancestorTitles":["POST /v1/me/media","Casos Positivos"],"fullName":"POST /v1/me/media Casos Positivos deve criar mídia de vídeo com dados válidos","status":"passed","title":"deve criar mídia de vídeo com dados válidos","duration":624.4285789999994,"failureMessages":[],"location":{"line":71,"column":5},"meta":{}},{"ancestorTitles":["POST /v1/me/media","Casos Positivos"],"fullName":"POST /v1/me/media Casos Positivos deve criar mídia com campos opcionais ausentes","status":"passed","title":"deve criar mídia com campos opcionais ausentes","duration":5634.765352,"failureMessages":[],"location":{"line":110,"column":5},"meta":{}},{"ancestorTitles":["POST /v1/me/media","Casos Positivos"],"fullName":"POST /v1/me/media Casos Positivos deve usar source padrão quando não fornecido","status":"failed","title":"deve usar source padrão quando não fornecido","duration":8088.194179999999,"failureMessages":["AssertionError: expected 401 to be 201 // Object.is equality\n    at /home/gfrancodev/Documentos/gfrancodev/player/backend/src/modules/profiles/e2e/profile.media.create.e2e.test.ts:166:31\n    at processTicksAndRejections (node:internal/process/task_queues:103:5)\n    at file:///home/gfrancodev/Documentos/gfrancodev/player/backend/node_modules/@vitest/runner/dist/chunk-hooks.js:752:20","AssertionError: expected 401 to be 201 // Object.is equality\n    at /home/gfrancodev/Documentos/gfrancodev/player/backend/src/modules/profiles/e2e/profile.media.create.e2e.test.ts:166:31\n    at processTicksAndRejections (node:internal/process/task_queues:103:5)\n    at file:///home/gfrancodev/Documentos/gfrancodev/player/backend/node_modules/@vitest/runner/dist/chunk-hooks.js:752:20"],"location":{"line":144,"column":5},"meta":{}},{"ancestorTitles":["POST /v1/me/media","Casos Negativos"],"fullName":"POST /v1/me/media Casos Negativos deve retornar erro 401 para token ausente","status":"passed","title":"deve retornar erro 401 para token ausente","duration":2.5030819999992673,"failureMessages":[],"location":{"line":172,"column":5},"meta":{}},{"ancestorTitles":["POST /v1/me/media","Casos Negativos"],"fullName":"POST /v1/me/media Casos Negativos deve retornar erro 422 para type inválido","status":"failed","title":"deve retornar erro 422 para type inválido","duration":209.90673099999913,"failureMessages":["AssertionError: expected 401 to be 422 // Object.is equality\n    at /home/gfrancodev/Documentos/gfrancodev/player/backend/src/modules/profiles/e2e/profile.media.create.e2e.test.ts:201:31\n    at processTicksAndRejections (node:internal/process/task_queues:103:5)\n    at file:///home/gfrancodev/Documentos/gfrancodev/player/backend/node_modules/@vitest/runner/dist/chunk-hooks.js:752:20","AssertionError: expected 401 to be 422 // Object.is equality\n    at /home/gfrancodev/Documentos/gfrancodev/player/backend/src/modules/profiles/e2e/profile.media.create.e2e.test.ts:201:31\n    at processTicksAndRejections (node:internal/process/task_queues:103:5)\n    at file:///home/gfrancodev/Documentos/gfrancodev/player/backend/node_modules/@vitest/runner/dist/chunk-hooks.js:752:20"],"location":{"line":189,"column":5},"meta":{}},{"ancestorTitles":["POST /v1/me/media","Casos Negativos"],"fullName":"POST /v1/me/media Casos Negativos deve retornar erro 422 para source inválido","status":"failed","title":"deve retornar erro 422 para source inválido","duration":210.10031300000264,"failureMessages":["AssertionError: expected 401 to be 422 // Object.is equality\n    at /home/gfrancodev/Documentos/gfrancodev/player/backend/src/modules/profiles/e2e/profile.media.create.e2e.test.ts:225:31\n    at processTicksAndRejections (node:internal/process/task_queues:103:5)\n    at file:///home/gfrancodev/Documentos/gfrancodev/player/backend/node_modules/@vitest/runner/dist/chunk-hooks.js:752:20","AssertionError: expected 401 to be 422 // Object.is equality\n    at /home/gfrancodev/Documentos/gfrancodev/player/backend/src/modules/profiles/e2e/profile.media.create.e2e.test.ts:225:31\n    at processTicksAndRejections (node:internal/process/task_queues:103:5)\n    at file:///home/gfrancodev/Documentos/gfrancodev/player/backend/node_modules/@vitest/runner/dist/chunk-hooks.js:752:20"],"location":{"line":212,"column":5},"meta":{}},{"ancestorTitles":["POST /v1/me/media","Casos Negativos"],"fullName":"POST /v1/me/media Casos Negativos deve retornar erro 422 para URL inválida","status":"failed","title":"deve retornar erro 422 para URL inválida","duration":213.94214700000157,"failureMessages":["AssertionError: expected 401 to be 422 // Object.is equality\n    at /home/gfrancodev/Documentos/gfrancodev/player/backend/src/modules/profiles/e2e/profile.media.create.e2e.test.ts:248:31\n    at processTicksAndRejections (node:internal/process/task_queues:103:5)\n    at file:///home/gfrancodev/Documentos/gfrancodev/player/backend/node_modules/@vitest/runner/dist/chunk-hooks.js:752:20","AssertionError: expected 401 to be 422 // Object.is equality\n    at /home/gfrancodev/Documentos/gfrancodev/player/backend/src/modules/profiles/e2e/profile.media.create.e2e.test.ts:248:31\n    at processTicksAndRejections (node:internal/process/task_queues:103:5)\n    at file:///home/gfrancodev/Documentos/gfrancodev/player/backend/node_modules/@vitest/runner/dist/chunk-hooks.js:752:20"],"location":{"line":236,"column":5},"meta":{}},{"ancestorTitles":["POST /v1/me/media","Casos Negativos"],"fullName":"POST /v1/me/media Casos Negativos deve retornar erro 422 para poster_url inválida","status":"failed","title":"deve retornar erro 422 para poster_url inválida","duration":215.2480340000002,"failureMessages":["AssertionError: expected 401 to be 422 // Object.is equality\n    at /home/gfrancodev/Documentos/gfrancodev/player/backend/src/modules/profiles/e2e/profile.media.create.e2e.test.ts:272:31\n    at processTicksAndRejections (node:internal/process/task_queues:103:5)\n    at file:///home/gfrancodev/Documentos/gfrancodev/player/backend/node_modules/@vitest/runner/dist/chunk-hooks.js:752:20","AssertionError: expected 401 to be 422 // Object.is equality\n    at /home/gfrancodev/Documentos/gfrancodev/player/backend/src/modules/profiles/e2e/profile.media.create.e2e.test.ts:272:31\n    at processTicksAndRejections (node:internal/process/task_queues:103:5)\n    at file:///home/gfrancodev/Documentos/gfrancodev/player/backend/node_modules/@vitest/runner/dist/chunk-hooks.js:752:20"],"location":{"line":259,"column":5},"meta":{}},{"ancestorTitles":["POST /v1/me/media","Casos Negativos"],"fullName":"POST /v1/me/media Casos Negativos deve retornar erro 422 para focal_point_x fora do range","status":"failed","title":"deve retornar erro 422 para focal_point_x fora do range","duration":219.5223420000002,"failureMessages":["AssertionError: expected 401 to be 422 // Object.is equality\n    at /home/gfrancodev/Documentos/gfrancodev/player/backend/src/modules/profiles/e2e/profile.media.create.e2e.test.ts:296:31\n    at processTicksAndRejections (node:internal/process/task_queues:103:5)\n    at file:///home/gfrancodev/Documentos/gfrancodev/player/backend/node_modules/@vitest/runner/dist/chunk-hooks.js:752:20","AssertionError: expected 401 to be 422 // Object.is equality\n    at /home/gfrancodev/Documentos/gfrancodev/player/backend/src/modules/profiles/e2e/profile.media.create.e2e.test.ts:296:31\n    at processTicksAndRejections (node:internal/process/task_queues:103:5)\n    at file:///home/gfrancodev/Documentos/gfrancodev/player/backend/node_modules/@vitest/runner/dist/chunk-hooks.js:752:20"],"location":{"line":283,"column":5},"meta":{}},{"ancestorTitles":["POST /v1/me/media","Casos Negativos"],"fullName":"POST /v1/me/media Casos Negativos deve retornar erro 422 para focal_point_y fora do range","status":"failed","title":"deve retornar erro 422 para focal_point_y fora do range","duration":212.3331959999996,"failureMessages":["AssertionError: expected 401 to be 422 // Object.is equality\n    at /home/gfrancodev/Documentos/gfrancodev/player/backend/src/modules/profiles/e2e/profile.media.create.e2e.test.ts:320:31\n    at processTicksAndRejections (node:internal/process/task_queues:103:5)\n    at file:///home/gfrancodev/Documentos/gfrancodev/player/backend/node_modules/@vitest/runner/dist/chunk-hooks.js:752:20","AssertionError: expected 401 to be 422 // Object.is equality\n    at /home/gfrancodev/Documentos/gfrancodev/player/backend/src/modules/profiles/e2e/profile.media.create.e2e.test.ts:320:31\n    at processTicksAndRejections (node:internal/process/task_queues:103:5)\n    at file:///home/gfrancodev/Documentos/gfrancodev/player/backend/node_modules/@vitest/runner/dist/chunk-hooks.js:752:20"],"location":{"line":307,"column":5},"meta":{}},{"ancestorTitles":["POST /v1/me/media","Casos Negativos"],"fullName":"POST /v1/me/media Casos Negativos deve retornar erro 422 para title muito longo","status":"failed","title":"deve retornar erro 422 para title muito longo","duration":222.07911199999944,"failureMessages":["AssertionError: expected 401 to be 422 // Object.is equality\n    at /home/gfrancodev/Documentos/gfrancodev/player/backend/src/modules/profiles/e2e/profile.media.create.e2e.test.ts:344:31\n    at processTicksAndRejections (node:internal/process/task_queues:103:5)\n    at file:///home/gfrancodev/Documentos/gfrancodev/player/backend/node_modules/@vitest/runner/dist/chunk-hooks.js:752:20","AssertionError: expected 401 to be 422 // Object.is equality\n    at /home/gfrancodev/Documentos/gfrancodev/player/backend/src/modules/profiles/e2e/profile.media.create.e2e.test.ts:344:31\n    at processTicksAndRejections (node:internal/process/task_queues:103:5)\n    at file:///home/gfrancodev/Documentos/gfrancodev/player/backend/node_modules/@vitest/runner/dist/chunk-hooks.js:752:20"],"location":{"line":331,"column":5},"meta":{}},{"ancestorTitles":["POST /v1/me/media","Casos Negativos"],"fullName":"POST /v1/me/media Casos Negativos deve retornar erro 422 para campos obrigatórios ausentes","status":"failed","title":"deve retornar erro 422 para campos obrigatórios ausentes","duration":215.14084100000036,"failureMessages":["AssertionError: expected 401 to be 422 // Object.is equality\n    at /home/gfrancodev/Documentos/gfrancodev/player/backend/src/modules/profiles/e2e/profile.media.create.e2e.test.ts:358:31\n    at processTicksAndRejections (node:internal/process/task_queues:103:5)\n    at file:///home/gfrancodev/Documentos/gfrancodev/player/backend/node_modules/@vitest/runner/dist/chunk-hooks.js:752:20","AssertionError: expected 401 to be 422 // Object.is equality\n    at /home/gfrancodev/Documentos/gfrancodev/player/backend/src/modules/profiles/e2e/profile.media.create.e2e.test.ts:358:31\n    at processTicksAndRejections (node:internal/process/task_queues:103:5)\n    at file:///home/gfrancodev/Documentos/gfrancodev/player/backend/node_modules/@vitest/runner/dist/chunk-hooks.js:752:20"],"location":{"line":355,"column":5},"meta":{}}],"startTime":1761134963731,"endTime":1761134985462.1409,"status":"failed","message":"","name":"/home/gfrancodev/Documentos/gfrancodev/player/backend/src/modules/profiles/e2e/profile.media.create.e2e.test.ts"},{"assertionResults":[{"ancestorTitles":["DELETE /v1/me/media/:media_id","Casos Positivos"],"fullName":"DELETE /v1/me/media/:media_id Casos Positivos deve deletar mídia existente","status":"passed","title":"deve deletar mídia existente","duration":6488.332986,"failureMessages":[],"location":{"line":52,"column":5},"meta":{}},{"ancestorTitles":["DELETE /v1/me/media/:media_id","Casos Positivos"],"fullName":"DELETE /v1/me/media/:media_id Casos Positivos deve retornar erro 404 ao tentar deletar mídia já deletada","status":"failed","title":"deve retornar erro 404 ao tentar deletar mídia já deletada","duration":10065.877951999999,"failureMessages":["AssertionError: expected 401 to be 201 // Object.is equality\n    at /home/gfrancodev/Documentos/gfrancodev/player/backend/src/modules/profiles/e2e/profile.media.delete.e2e.test.ts:94:37\n    at processTicksAndRejections (node:internal/process/task_queues:103:5)\n    at file:///home/gfrancodev/Documentos/gfrancodev/player/backend/node_modules/@vitest/runner/dist/chunk-hooks.js:752:20","AssertionError: expected 401 to be 201 // Object.is equality\n    at /home/gfrancodev/Documentos/gfrancodev/player/backend/src/modules/profiles/e2e/profile.media.delete.e2e.test.ts:94:37\n    at processTicksAndRejections (node:internal/process/task_queues:103:5)\n    at file:///home/gfrancodev/Documentos/gfrancodev/player/backend/node_modules/@vitest/runner/dist/chunk-hooks.js:752:20"],"location":{"line":80,"column":5},"meta":{}},{"ancestorTitles":["DELETE /v1/me/media/:media_id","Casos Negativos"],"fullName":"DELETE /v1/me/media/:media_id Casos Negativos deve retornar erro 401 para token ausente","status":"passed","title":"deve retornar erro 401 para token ausente","duration":3.021117000000231,"failureMessages":[],"location":{"line":122,"column":5},"meta":{}},{"ancestorTitles":["DELETE /v1/me/media/:media_id","Casos Negativos"],"fullName":"DELETE /v1/me/media/:media_id Casos Negativos deve retornar erro 401 para token inválido","status":"passed","title":"deve retornar erro 401 para token inválido","duration":2.505078999998659,"failureMessages":[],"location":{"line":136,"column":5},"meta":{}},{"ancestorTitles":["DELETE /v1/me/media/:media_id","Casos Negativos"],"fullName":"DELETE /v1/me/media/:media_id Casos Negativos deve retornar erro 404 para media_id inexistente","status":"failed","title":"deve retornar erro 404 para media_id inexistente","duration":215.46624800000063,"failureMessages":["AssertionError: expected 401 to be 404 // Object.is equality\n    at /home/gfrancodev/Documentos/gfrancodev/player/backend/src/modules/profiles/e2e/profile.media.delete.e2e.test.ts:161:31\n    at processTicksAndRejections (node:internal/process/task_queues:103:5)\n    at file:///home/gfrancodev/Documentos/gfrancodev/player/backend/node_modules/@vitest/runner/dist/chunk-hooks.js:752:20","AssertionError: expected 401 to be 404 // Object.is equality\n    at /home/gfrancodev/Documentos/gfrancodev/player/backend/src/modules/profiles/e2e/profile.media.delete.e2e.test.ts:161:31\n    at processTicksAndRejections (node:internal/process/task_queues:103:5)\n    at file:///home/gfrancodev/Documentos/gfrancodev/player/backend/node_modules/@vitest/runner/dist/chunk-hooks.js:752:20"],"location":{"line":153,"column":5},"meta":{}},{"ancestorTitles":["DELETE /v1/me/media/:media_id","Casos Negativos"],"fullName":"DELETE /v1/me/media/:media_id Casos Negativos deve retornar erro 404 para media_id de outro usuário","status":"failed","title":"deve retornar erro 404 para media_id de outro usuário","duration":8995.502464999998,"failureMessages":["TypeError: Cannot read properties of undefined (reading 'id')\n    at /home/gfrancodev/Documentos/gfrancodev/player/backend/src/modules/profiles/e2e/profile.media.delete.e2e.test.ts:195:57\n    at processTicksAndRejections (node:internal/process/task_queues:103:5)\n    at file:///home/gfrancodev/Documentos/gfrancodev/player/backend/node_modules/@vitest/runner/dist/chunk-hooks.js:752:20","AssertionError: expected 401 to be 404 // Object.is equality\n    at /home/gfrancodev/Documentos/gfrancodev/player/backend/src/modules/profiles/e2e/profile.media.delete.e2e.test.ts:203:31\n    at processTicksAndRejections (node:internal/process/task_queues:103:5)\n    at file:///home/gfrancodev/Documentos/gfrancodev/player/backend/node_modules/@vitest/runner/dist/chunk-hooks.js:752:20"],"location":{"line":172,"column":5},"meta":{}},{"ancestorTitles":["DELETE /v1/me/media/:media_id","Casos Negativos"],"fullName":"DELETE /v1/me/media/:media_id Casos Negativos deve retornar erro 422 para media_id inválido","status":"failed","title":"deve retornar erro 422 para media_id inválido","duration":209.355604999997,"failureMessages":["AssertionError: expected 401 to be 422 // Object.is equality\n    at /home/gfrancodev/Documentos/gfrancodev/player/backend/src/modules/profiles/e2e/profile.media.delete.e2e.test.ts:220:31\n    at processTicksAndRejections (node:internal/process/task_queues:103:5)\n    at file:///home/gfrancodev/Documentos/gfrancodev/player/backend/node_modules/@vitest/runner/dist/chunk-hooks.js:752:20","AssertionError: expected 401 to be 422 // Object.is equality\n    at /home/gfrancodev/Documentos/gfrancodev/player/backend/src/modules/profiles/e2e/profile.media.delete.e2e.test.ts:220:31\n    at processTicksAndRejections (node:internal/process/task_queues:103:5)\n    at file:///home/gfrancodev/Documentos/gfrancodev/player/backend/node_modules/@vitest/runner/dist/chunk-hooks.js:752:20"],"location":{"line":214,"column":5},"meta":{}}],"startTime":1761134968337,"endTime":1761134994317.3557,"status":"failed","message":"","name":"/home/gfrancodev/Documentos/gfrancodev/player/backend/src/modules/profiles/e2e/profile.media.delete.e2e.test.ts"},{"assertionResults":[{"ancestorTitles":["GET /v1/me/media","Casos Positivos"],"fullName":"GET /v1/me/media Casos Positivos deve retornar lista vazia quando não há mídia","status":"passed","title":"deve retornar lista vazia quando não há mídia","duration":430.759912,"failureMessages":[],"location":{"line":34,"column":5},"meta":{}},{"ancestorTitles":["GET /v1/me/media","Casos Positivos"],"fullName":"GET /v1/me/media Casos Positivos deve retornar mídia com filtros padrão","status":"passed","title":"deve retornar mídia com filtros padrão","duration":426.6803460000001,"failureMessages":[],"location":{"line":44,"column":5},"meta":{}},{"ancestorTitles":["GET /v1/me/media","Casos Positivos"],"fullName":"GET /v1/me/media Casos Positivos deve filtrar mídia por tipo","status":"failed","title":"deve filtrar mídia por tipo","duration":233.82737799999995,"failureMessages":["AssertionE
[...]
s deve aceitar cursor como string","status":"passed","title":"deve aceitar cursor como string","duration":104.87136999999984,"failureMessages":[],"location":{"line":579,"column":5},"meta":{}},{"ancestorTitles":["GET /v1/tags/:slug/players","Testes de Query Parameters"],"fullName":"GET /v1/tags/:slug/players Testes de Query Parameters deve aceitar cursor vazio","status":"passed","title":"deve aceitar cursor vazio","duration":106.33876400000008,"failureMessages":[],"location":{"line":592,"column":5},"meta":{}},{"ancestorTitles":["GET /v1/tags/:slug/players","Testes de Query Parameters"],"fullName":"GET /v1/tags/:slug/players Testes de Query Parameters deve aceitar múltiplos query parameters","status":"passed","title":"deve aceitar múltiplos query parameters","duration":111.88495899999998,"failureMessages":[],"location":{"line":605,"column":5},"meta":{}},{"ancestorTitles":["GET /v1/tags/:slug/players","Testes de Query Parameters"],"fullName":"GET /v1/tags/:slug/players Testes de Query Parameters deve ignorar query parameters extras","status":"passed","title":"deve ignorar query parameters extras","duration":104.9397369999997,"failureMessages":[],"location":{"line":619,"column":5},"meta":{}}],"startTime":1761135022752,"endTime":1761135026713.9397,"status":"passed","message":"","name":"/home/gfrancodev/Documentos/gfrancodev/player/backend/src/modules/tags/e2e/tags.e2e.test.ts"},{"assertionResults":[{"ancestorTitles":["POST /v1/uploads/callback","Casos Positivos"],"fullName":"POST /v1/uploads/callback Casos Positivos deve processar callback de aprovação com sucesso","status":"passed","title":"deve processar callback de aprovação com sucesso","duration":7081.613315,"failureMessages":[],"location":{"line":40,"column":5},"meta":{}},{"ancestorTitles":["POST /v1/uploads/callback","Casos Positivos"],"fullName":"POST /v1/uploads/callback Casos Positivos deve processar callback de rejeição com sucesso","status":"passed","title":"deve processar callback de rejeição com sucesso","duration":7383.997234,"failureMessages":[],"location":{"line":68,"column":5},"meta":{}},{"ancestorTitles":["POST /v1/uploads/callback","Casos Positivos"],"fullName":"POST /v1/uploads/callback Casos Positivos deve processar callback com metadados mínimos","status":"passed","title":"deve processar callback com metadados mínimos","duration":4112.285745000001,"failureMessages":[],"location":{"line":96,"column":5},"meta":{}},{"ancestorTitles":["POST /v1/uploads/callback","Casos Positivos"],"fullName":"POST /v1/uploads/callback Casos Positivos deve processar callback com metadados completos","status":"passed","title":"deve processar callback com metadados completos","duration":5082.419191999998,"failureMessages":[],"location":{"line":118,"column":5},"meta":{}},{"ancestorTitles":["POST /v1/uploads/callback","Casos Positivos"],"fullName":"POST /v1/uploads/callback Casos Positivos deve processar callback com diferentes tipos de arquivo","status":"passed","title":"deve processar callback com diferentes tipos de arquivo","duration":4417.900138000001,"failureMessages":[],"location":{"line":146,"column":5},"meta":{}},{"ancestorTitles":["POST /v1/uploads/callback","Casos Positivos"],"fullName":"POST /v1/uploads/callback Casos Positivos deve processar callback com diferentes scores NSFW","status":"passed","title":"deve processar callback com diferentes scores NSFW","duration":8457.723233,"failureMessages":["AssertionError: expected 401 to be 201 // Object.is equality\n    at /home/gfrancodev/Documentos/gfrancodev/player/backend/src/modules/uploads/e2e/uploads.callback.e2e.test.ts:32:35\n    at processTicksAndRejections (node:internal/process/task_queues:103:5)"],"location":{"line":178,"column":5},"meta":{}},{"ancestorTitles":["POST /v1/uploads/callback","Casos Positivos"],"fullName":"POST /v1/uploads/callback Casos Positivos deve processar callback com diferentes labels NSFW","status":"passed","title":"deve processar callback com diferentes labels NSFW","duration":16378.656254000001,"failureMessages":["AssertionError: expected 401 to be 201 // Object.is equality\n    at /home/gfrancodev/Documentos/gfrancodev/player/backend/src/modules/uploads/e2e/uploads.callback.e2e.test.ts:32:35\n    at processTicksAndRejections (node:internal/process/task_queues:103:5)"],"location":{"line":203,"column":5},"meta":{}},{"ancestorTitles":["POST /v1/uploads/callback","Casos Positivos"],"fullName":"POST /v1/uploads/callback Casos Positivos deve processar callback com diferentes tamanhos de arquivo","status":"passed","title":"deve processar callback com diferentes tamanhos de arquivo","duration":9504.639061000002,"failureMessages":[],"location":{"line":236,"column":5},"meta":{}},{"ancestorTitles":["POST /v1/uploads/callback","Casos Positivos"],"fullName":"POST /v1/uploads/callback Casos Positivos deve processar callback com diferentes resoluções","status":"passed","title":"deve processar callback com diferentes resoluções","duration":4825.761337999997,"failureMessages":[],"location":{"line":261,"column":5},"meta":{}},{"ancestorTitles":["POST /v1/uploads/callback","Casos Positivos"],"fullName":"POST /v1/uploads/callback Casos Positivos deve processar callback com diferentes durações","status":"passed","title":"deve processar callback com diferentes durações","duration":5350.807658999998,"failureMessages":[],"location":{"line":292,"column":5},"meta":{}},{"ancestorTitles":["POST /v1/uploads/callback","Casos Negativos"],"fullName":"POST /v1/uploads/callback Casos Negativos deve retornar erro 400 para media_id vazio","status":"passed","title":"deve retornar erro 400 para media_id vazio","duration":2113.8508969999966,"failureMessages":[],"location":{"line":320,"column":5},"meta":{}},{"ancestorTitles":["POST /v1/uploads/callback","Casos Negativos"],"fullName":"POST /v1/uploads/callback Casos Negativos deve retornar erro 400 para media_id ausente","status":"passed","title":"deve retornar erro 400 para media_id ausente","duration":6825.157582999993,"failureMessages":[],"location":{"line":342,"column":5},"meta":{}},{"ancestorTitles":["POST /v1/uploads/callback","Casos Negativos"],"fullName":"POST /v1/uploads/callback Casos Negativos deve retornar erro 400 para status inválido","status":"passed","title":"deve retornar erro 400 para status inválido","duration":6831.814982000011,"failureMessages":[],"location":{"line":363,"column":5},"meta":{}},{"ancestorTitles":["POST /v1/uploads/callback","Casos Negativos"],"fullName":"POST /v1/uploads/callback Casos Negativos deve retornar erro 400 para status ausente","status":"passed","title":"deve retornar erro 400 para status ausente","duration":6822.193295999998,"failureMessages":[],"location":{"line":385,"column":5},"meta":{}},{"ancestorTitles":["POST /v1/uploads/callback","Casos Negativos"],"fullName":"POST /v1/uploads/callback Casos Negativos deve retornar erro 400 para metadata ausente","status":"passed","title":"deve retornar erro 400 para metadata ausente","duration":2116.997657999993,"failureMessages":[],"location":{"line":406,"column":5},"meta":{}},{"ancestorTitles":["POST /v1/uploads/callback","Casos Negativos"],"fullName":"POST /v1/uploads/callback Casos Negativos deve retornar erro 400 para file_key ausente","status":"passed","title":"deve retornar erro 400 para file_key ausente","duration":2111.2420459999994,"failureMessages":[],"location":{"line":425,"column":5},"meta":{}},{"ancestorTitles":["POST /v1/uploads/callback","Casos Negativos"],"fullName":"POST /v1/uploads/callback Casos Negativos deve retornar erro 422 para file_key vazio","status":"passed","title":"deve retornar erro 422 para file_key vazio","duration":2125.0130399999907,"failureMessages":[],"location":{"line":447,"column":5},"meta":{}},{"ancestorTitles":["POST /v1/uploads/callback","Casos Negativos"],"fullName":"POST /v1/uploads/callback Casos Negativos deve retornar erro 400 para file_size inválido","status":"passed","title":"deve retornar erro 400 para file_size inválido","duration":6828.944161000007,"failureMessages":[],"location":{"line":469,"column":5},"meta":{}},{"ancestorTitles":["POST /v1/uploads/callback","Casos Negativos"],"fullName":"POST /v1/uploads/callback Casos Negativos deve retornar erro 400 para width inválido","status":"passed","title":"deve retornar erro 400 para width inválido","duration":6818.299633999995,"failureMessages":[],"location":{"line":492,"column":5},"meta":{}},{"ancestorTitles":["POST /v1/uploads/callback","Casos Negativos"],"fullName":"POST /v1/uploads/callback Casos Negativos deve retornar erro 400 para height inválido","status":"passed","title":"deve retornar erro 400 para height inválido","duration":6819.655319999991,"failureMessages":[],"location":{"line":515,"column":5},"meta":{}},{"ancestorTitles":["POST /v1/uploads/callback","Casos Negativos"],"fullName":"POST /v1/uploads/callback Casos Negativos deve retornar erro 400 para duration inválido","status":"passed","title":"deve retornar erro 400 para duration inválido","duration":2119.9755460000015,"failureMessages":[],"location":{"line":538,"column":5},"meta":{}},{"ancestorTitles":["POST /v1/uploads/callback","Casos Negativos"],"fullName":"POST /v1/uploads/callback Casos Negativos deve retornar erro 400 para nsfw_score inválido","status":"passed","title":"deve retornar erro 400 para nsfw_score inválido","duration":6821.050067999982,"failureMessages":[],"location":{"line":561,"column":5},"meta":{}},{"ancestorTitles":["POST /v1/uploads/callback","Casos Negativos"],"fullName":"POST /v1/uploads/callback Casos Negativos deve retornar erro 400 para nsfw_labels inválido","status":"passed","title":"deve retornar erro 400 para nsfw_labels inválido","duration":6822.950675,"failureMessages":[],"location":{"line":584,"column":5},"meta":{}},{"ancestorTitles":["POST /v1/uploads/callback","Casos Negativos"],"fullName":"POST /v1/uploads/callback Casos Negativos deve retornar erro 400 para nsfw_labels com elementos inválidos","status":"passed","title":"deve retornar erro 400 para nsfw_labels com elementos inválidos","duration":2130.7707850000006,"failureMessages":[],"location":{"line":607,"column":5},"meta":{}},{"ancestorTitles":["POST /v1/uploads/callback","Casos Negativos"],"fullName":"POST /v1/uploads/callback Casos Negativos deve retornar erro 400 para body vazio","status":"passed","title":"deve retornar erro 400 para body vazio","duration":2128.0234490000003,"failureMessages":[],"location":{"line":630,"column":5},"meta":{}},{"ancestorTitles":["POST /v1/uploads/callback","Casos Negativos"],"fullName":"POST /v1/uploads/callback Casos Negativos deve retornar erro 500 para body null","status":"passed","title":"deve retornar erro 500 para body null","duration":6825.044327999989,"failureMessages":[],"location":{"line":644,"column":5},"meta":{}},{"ancestorTitles":["POST /v1/uploads/callback","Casos Negativos"],"fullName":"POST /v1/uploads/callback Casos Negativos deve retornar erro 400 para body undefined","status":"passed","title":"deve retornar erro 400 para body undefined","duration":6829.931782,"failureMessages":[],"location":{"line":658,"column":5},"meta":{}},{"ancestorTitles":["POST /v1/uploads/callback","Casos Negativos"],"fullName":"POST /v1/uploads/callback Casos Negativos deve processar callback com campos extras (ignorados)","status":"passed","title":"deve processar callback com campos extras (ignorados)","duration":7353.5213330000115,"failureMessages":[],"location":{"line":672,"column":5},"meta":{}},{"ancestorTitles":["POST /v1/uploads/callback","Casos Negativos"],"fullName":"POST /v1/uploads/callback Casos Negativos deve retornar erro 400 para valores null","status":"passed","title":"deve retornar erro 400 para valores null","duration":6551.308415000007,"failureMessages":[],"location":{"line":695,"column":5},"meta":{}},{"ancestorTitles":["POST /v1/uploads/callback","Casos Negativos"],"fullName":"POST /v1/uploads/callback Casos Negativos deve retornar erro 400 para valores undefined","status":"passed","title":"deve retornar erro 400 para valores undefined","duration":6824.296575000015,"failureMessages":[],"location":{"line":715,"column":5},"meta":{}},{"ancestorTitles":["POST /v1/uploads/callback","Casos Negativos"],"fullName":"POST /v1/uploads/callback Casos Negativos deve retornar erro 400 para valores booleanos inválidos","status":"passed","title":"deve retornar erro 400 para valores booleanos inválidos","duration":6829.401803999994,"failureMessages":[],"location":{"line":735,"column":5},"meta":{}},{"ancestorTitles":["POST /v1/uploads/callback","Casos Negativos"],"fullName":"POST /v1/uploads/callback Casos Negativos deve retornar erro 400 para valores de array inválidos","status":"passed","title":"deve retornar erro 400 para valores de array inválidos","duration":6821.01272899998,"failureMessages":[],"location":{"line":755,"column":5},"meta":{}},{"ancestorTitles":["POST /v1/uploads/callback","Casos Negativos"],"fullName":"POST /v1/uploads/callback Casos Negativos deve retornar erro 400 para valores de objeto inválidos","status":"passed","title":"deve retornar erro 400 para valores de objeto inválidos","duration":6824.297061999998,"failureMessages":[],"location":{"line":775,"column":5},"meta":{}},{"ancestorTitles":["POST /v1/uploads/callback","Casos Negativos"],"fullName":"POST /v1/uploads/callback Casos Negativos deve retornar erro 500 para valores com caracteres especiais","status":"passed","title":"deve retornar erro 500 para valores com caracteres especiais","duration":2147.628091999999,"failureMessages":[],"location":{"line":795,"column":5},"meta":{}},{"ancestorTitles":["POST /v1/uploads/callback","Casos Negativos"],"fullName":"POST /v1/uploads/callback Casos Negativos deve retornar erro 500 para valores com emojis","status":"passed","title":"deve retornar erro 500 para valores com emojis","duration":66839.74242199998,"failureMessages":["Error: STACK_TRACE_ERROR\n    at beforeEach (file:///home/gfrancodev/Documentos/gfrancodev/player/backend/node_modules/@vitest/runner/dist/chunk-hooks.js:2165:26)\n    at /home/gfrancodev/Documentos/gfrancodev/player/backend/src/modules/uploads/e2e/uploads.callback.e2e.test.ts:9:3\n    at file:///home/gfrancodev/Documentos/gfrancodev/player/backend/node_modules/@vitest/runner/dist/chunk-hooks.js:734:40\n    at runWithSuite (file:///home/gfrancodev/Documentos/gfrancodev/player/backend/node_modules/@vitest/runner/dist/chunk-hooks.js:1849:8)\n    at Object.collect (file:///home/gfrancodev/Documentos/gfrancodev/player/backend/node_modules/@vitest/runner/dist/chunk-hooks.js:734:10)\n    at Object.collect (file:///home/gfrancodev/Documentos/gfrancodev/player/backend/node_modules/@vitest/runner/dist/chunk-hooks.js:738:54)\n    at processTicksAndRejections (node:internal/process/task_queues:103:5)\n    at collectTests (file:///home/gfrancodev/Documentos/gfrancodev/player/backend/node_modules/@vitest/runner/dist/chunk-hooks.js:1179:25)\n    at startTests (file:///home/gfrancodev/Documentos/gfrancodev/player/backend/node_modules/@vitest/runner/dist/chunk-hooks.js:1817:17)\n    at file:///home/gfrancodev/Documentos/gfrancodev/player/backend/node_modules/vitest/dist/chunks/runBaseTests.9Ij9_de-.js:117:26"],"location":{"line":817,"column":5},"meta":{}},{"ancestorTitles":["POST /v1/uploads/callback","Casos Negativos"],"fullName":"POST /v1/uploads/callback Casos Negativos deve retornar erro 500 para valores com caracteres unicode","status":"passed","title":"deve retornar erro 500 para valores com caracteres unicode","duration":6868.868522000033,"failureMessages":[],"location":{"line":839,"column":5},"meta":{}},{"ancestorTitles":["POST /v1/uploads/callback","Casos Negativos"],"fullName":"POST /v1/uploads/callback Casos Negativos deve retornar erro 500 para valores com caracteres de controle","status":"passed","title":"deve retornar erro 500 para valores com caracteres de controle","duration":2334.046612999984,"failureMessages":[],"location":{"line":861,"column":5},"meta":{}},{"ancestorTitles":["POST /v1/uploads/callback","Casos Negativos"],"fullName":"POST /v1/uploads/callback Casos Negativos deve retornar erro 500 para valores muito longos","status":"passed","title":"deve retornar erro 500 para valores muito longos","duration":6922.905183000024,"failureMessages":[],"location":{"line":883,"column":5},"meta":{}},{"ancestorTitles":["POST /v1/uploads/callback","Casos Negativos"],"fullName":"POST /v1/uploads/callback Casos Negativos deve retornar erro 400 para valores vazios","status":"passed","title":"deve retornar erro 400 para valores vazios","duration":6873.414034000016,"failureMessages":[],"location":{"line":906,"column":5},"meta":{}},{"ancestorTitles":["POST /v1/uploads/callback","Testes de Validação de Tipos"],"fullName":"POST /v1/uploads/callback Testes de Validação de Tipos deve aceitar file_size como número inteiro","status":"passed","title":"deve aceitar file_size como número inteiro","duration":4296.991563000018,"failureMessages":[],"location":{"line":930,"column":5},"meta":{}},{"ancestorTitles":["POST /v1/uploads/callback","Testes de Validação de Tipos"],"fullName":"POST /v1/uploads/callback Testes de Validação de Tipos deve aceitar file_size como número decimal","status":"passed","title":"deve aceitar file_size como número decimal","duration":2864.601709999959,"failureMessages":[],"location":{"line":946,"column":5},"meta":{}},{"ancestorTitles":["POST /v1/uploads/callback","Testes de Validação de Tipos"],"fullName":"POST /v1/uploads/callback Testes de Validação de Tipos deve aceitar width como número inteiro","status":"passed","title":"deve aceitar width como número inteiro","duration":6660.001296999981,"failureMessages":[],"location":{"line":962,"column":5},"meta":{}},{"ancestorTitles":["POST /v1/uploads/callback","Testes de Validação de Tipos"],"fullName":"POST /v1/uploads/callback Testes de Validação de Tipos deve aceitar height como número inteiro","status":"passed","title":"deve aceitar height como número inteiro","duration":7411.778578999976,"failureMessages":[],"location":{"line":978,"column":5},"meta":{}},{"ancestorTitles":["POST /v1/uploads/callback","Testes de Validação de Tipos"],"fullName":"POST /v1/uploads/callback Testes de Validação de Tipos deve aceitar duration como número inteiro","status":"passed","title":"deve aceitar duration como número inteiro","duration":4810.598017000011,"failureMessages":[],"location":{"line":994,"column":5},"meta":{}},{"ancestorTitles":["POST /v1/uploads/callback","Testes de Validação de Tipos"],"fullName":"POST /v1/uploads/callback Testes de Validação de Tipos deve aceitar duration como número decimal","status":"passed","title":"deve aceitar duration como número decimal","duration":7416.737923000008,"failureMessages":[],"location":{"line":1010,"column":5},"meta":{}},{"ancestorTitles":["POST /v1/uploads/callback","Testes de Validação de Tipos"],"fullName":"POST /v1/uploads/callback Testes de Validação de Tipos deve aceitar nsfw_score como número decimal","status":"passed","title":"deve aceitar nsfw_score como número decimal","duration":2914.44114499999,"failureMessages":[],"location":{"line":1026,"column":5},"meta":{}},{"ancestorTitles":["POST /v1/uploads/callback","Testes de Validação de Tipos"],"fullName":"POST /v1/uploads/callback Testes de Validação de Tipos deve aceitar nsfw_labels como array de strings","status":"passed","title":"deve aceitar nsfw_labels como array de strings","duration":2861.9424279999803,"failureMessages":[],"location":{"line":1042,"column":5},"meta":{}},{"ancestorTitles":["POST /v1/uploads/callback","Testes de Validação de Tipos"],"fullName":"POST /v1/uploads/callback Testes de Validação de Tipos deve aceitar nsfw_labels como array vazio","status":"passed","title":"deve aceitar nsfw_labels como array vazio","duration":5523.697136999981,"failureMessages":[],"location":{"line":1058,"column":5},"meta":{}}],"startTime":1761135028834,"endTime":1761135362474.697,"status":"passed","message":"","name":"/home/gfrancodev/Documentos/gfrancodev/player/backend/src/modules/uploads/e2e/uploads.callback.e2e.test.ts"}]}